2018-10-18 17:03:43,810 DEBUG    root            Loaded Command Group: ['gcloud', 'auth']
2018-10-18 17:03:43,818 DEBUG    root            Loaded Command Group: ['gcloud', 'auth', 'login']
2018-10-18 17:03:43,827 DEBUG    root            Running [gcloud.auth.login] with arguments: []
2018-10-18 17:03:44,190 INFO     ___FILE_ONLY___ Go to the following link in your browser:

    https://accounts.google.com/o/oauth2/auth?redirect_uri=urn%3Aietf%3Awg%3Aoauth%3A2.0%3Aoob&prompt=select_account&response_type=code&client_id=32555940559.apps.googleusercontent.com&scope=https%3A%2F%2Fwww.googleapis.com%2Fauth%2Fuserinfo.email+https%3A%2F%2Fwww.googleapis.com%2Fauth%2Fcloud-platform+https%3A%2F%2Fwww.googleapis.com%2Fauth%2Fappengine.admin+https%3A%2F%2Fwww.googleapis.com%2Fauth%2Fcompute+https%3A%2F%2Fwww.googleapis.com%2Fauth%2Faccounts.reauth&access_type=offline



2018-10-18 17:04:10,015 INFO     oauth2client.client Successfully retrieved access token
2018-10-18 17:04:10,044 WARNING  root            `gcloud auth login` no longer writes application default credentials.
If you need to use ADC, see:
  gcloud auth application-default --help
2018-10-18 17:04:10,046 INFO     ___FILE_ONLY___ 
You are now logged in as [dceu00@gmail.com].
Your current project is [helium-powered].  You can change this setting by running:
  $ gcloud config set project PROJECT_ID

2018-10-18 17:04:10,050 INFO     root            Display format "none".
2018-10-18 17:04:10,057 DEBUG    root            Checking for updates...
2018-10-18 17:04:11,068 DEBUG    root            Updating notification cache...
2018-10-18 17:04:11,069 DEBUG    root            Activating notification: [default]
2018-10-18 17:04:11,069 INFO     ___FILE_ONLY___ 

Updates are available for some Cloud SDK components.  To install them,
please run:
  $ gcloud components update


2018-10-18 17:04:11,090 DEBUG    root            Metrics reporting process started...
