2018-09-05 02:13:45,242 DEBUG    root            Loaded Command Group: ['gcloud', 'components']
2018-09-05 02:13:45,249 DEBUG    root            Loaded Command Group: ['gcloud', 'components', 'update']
2018-09-05 02:13:45,257 DEBUG    root            Running [gcloud.components.update] with arguments: []
2018-09-05 02:13:45,920 INFO     ___FILE_ONLY___ 

2018-09-05 02:13:45,922 INFO     ___FILE_ONLY___ 
Your current Cloud SDK version is: 190.0.1

2018-09-05 02:13:45,922 INFO     ___FILE_ONLY___ You will be upgraded to version: 214.0.0

2018-09-05 02:13:45,923 INFO     ___FILE_ONLY___ 

2018-09-05 02:13:45,951 INFO     ___FILE_ONLY___ +----------------------------------------------------------------------------+
2018-09-05 02:13:45,951 INFO     ___FILE_ONLY___ 

2018-09-05 02:13:45,952 INFO     ___FILE_ONLY___ |                     These components will be updated.                      |
2018-09-05 02:13:45,952 INFO     ___FILE_ONLY___ 

2018-09-05 02:13:45,952 INFO     ___FILE_ONLY___ +-----------------------------------------------------+------------+---------+
2018-09-05 02:13:45,953 INFO     ___FILE_ONLY___ 

2018-09-05 02:13:45,953 INFO     ___FILE_ONLY___ |                         Name                        |  Version   |   Size  |
2018-09-05 02:13:45,954 INFO     ___FILE_ONLY___ 

2018-09-05 02:13:45,954 INFO     ___FILE_ONLY___ +-----------------------------------------------------+------------+---------+
2018-09-05 02:13:45,954 INFO     ___FILE_ONLY___ 

2018-09-05 02:13:45,955 INFO     ___FILE_ONLY___ | 
2018-09-05 02:13:45,955 INFO     ___FILE_ONLY___ BigQuery Command Line Tool                         
2018-09-05 02:13:45,956 INFO     ___FILE_ONLY___  
2018-09-05 02:13:45,956 INFO     ___FILE_ONLY___ | 
2018-09-05 02:13:45,957 INFO     ___FILE_ONLY___     2.0.34
2018-09-05 02:13:45,957 INFO     ___FILE_ONLY___  
2018-09-05 02:13:45,958 INFO     ___FILE_ONLY___ | 
2018-09-05 02:13:45,958 INFO     ___FILE_ONLY___ < 1 MiB
2018-09-05 02:13:45,959 INFO     ___FILE_ONLY___  
2018-09-05 02:13:45,959 INFO     ___FILE_ONLY___ |
2018-09-05 02:13:45,959 INFO     ___FILE_ONLY___ 

2018-09-05 02:13:45,959 INFO     ___FILE_ONLY___ | 
2018-09-05 02:13:45,960 INFO     ___FILE_ONLY___ BigQuery Command Line Tool (Platform Specific)     
2018-09-05 02:13:45,961 INFO     ___FILE_ONLY___  
2018-09-05 02:13:45,961 INFO     ___FILE_ONLY___ | 
2018-09-05 02:13:45,962 INFO     ___FILE_ONLY___     2.0.34
2018-09-05 02:13:45,962 INFO     ___FILE_ONLY___  
2018-09-05 02:13:45,962 INFO     ___FILE_ONLY___ | 
2018-09-05 02:13:45,963 INFO     ___FILE_ONLY___ < 1 MiB
2018-09-05 02:13:45,963 INFO     ___FILE_ONLY___  
2018-09-05 02:13:45,964 INFO     ___FILE_ONLY___ |
2018-09-05 02:13:45,964 INFO     ___FILE_ONLY___ 

2018-09-05 02:13:45,964 INFO     ___FILE_ONLY___ | 
2018-09-05 02:13:45,965 INFO     ___FILE_ONLY___ Cloud SDK Core Libraries                           
2018-09-05 02:13:45,965 INFO     ___FILE_ONLY___  
2018-09-05 02:13:45,966 INFO     ___FILE_ONLY___ | 
2018-09-05 02:13:45,966 INFO     ___FILE_ONLY___ 2018.08.24
2018-09-05 02:13:45,967 INFO     ___FILE_ONLY___  
2018-09-05 02:13:45,967 INFO     ___FILE_ONLY___ | 
2018-09-05 02:13:45,968 INFO     ___FILE_ONLY___ 8.3 MiB
2018-09-05 02:13:45,968 INFO     ___FILE_ONLY___  
2018-09-05 02:13:45,968 INFO     ___FILE_ONLY___ |
2018-09-05 02:13:45,968 INFO     ___FILE_ONLY___ 

2018-09-05 02:13:45,969 INFO     ___FILE_ONLY___ | 
2018-09-05 02:13:45,970 INFO     ___FILE_ONLY___ Cloud SDK Core Libraries (Platform Specific)       
2018-09-05 02:13:45,970 INFO     ___FILE_ONLY___  
2018-09-05 02:13:45,971 INFO     ___FILE_ONLY___ | 
2018-09-05 02:13:45,971 INFO     ___FILE_ONLY___ 2018.06.18
2018-09-05 02:13:45,972 INFO     ___FILE_ONLY___  
2018-09-05 02:13:45,972 INFO     ___FILE_ONLY___ | 
2018-09-05 02:13:45,973 INFO     ___FILE_ONLY___ < 1 MiB
2018-09-05 02:13:45,973 INFO     ___FILE_ONLY___  
2018-09-05 02:13:45,973 INFO     ___FILE_ONLY___ |
2018-09-05 02:13:45,974 INFO     ___FILE_ONLY___ 

2018-09-05 02:13:45,974 INFO     ___FILE_ONLY___ | 
2018-09-05 02:13:45,975 INFO     ___FILE_ONLY___ Cloud Storage Command Line Tool                    
2018-09-05 02:13:45,975 INFO     ___FILE_ONLY___  
2018-09-05 02:13:45,975 INFO     ___FILE_ONLY___ | 
2018-09-05 02:13:45,976 INFO     ___FILE_ONLY___       4.33
2018-09-05 02:13:45,976 INFO     ___FILE_ONLY___  
2018-09-05 02:13:45,976 INFO     ___FILE_ONLY___ | 
2018-09-05 02:13:45,977 INFO     ___FILE_ONLY___ 3.6 MiB
2018-09-05 02:13:45,977 INFO     ___FILE_ONLY___  
2018-09-05 02:13:45,978 INFO     ___FILE_ONLY___ |
2018-09-05 02:13:45,978 INFO     ___FILE_ONLY___ 

2018-09-05 02:13:45,978 INFO     ___FILE_ONLY___ | 
2018-09-05 02:13:45,979 INFO     ___FILE_ONLY___ Cloud Storage Command Line Tool (Platform Specific)
2018-09-05 02:13:45,979 INFO     ___FILE_ONLY___  
2018-09-05 02:13:45,980 INFO     ___FILE_ONLY___ | 
2018-09-05 02:13:45,980 INFO     ___FILE_ONLY___       4.32
2018-09-05 02:13:45,980 INFO     ___FILE_ONLY___  
2018-09-05 02:13:45,981 INFO     ___FILE_ONLY___ | 
2018-09-05 02:13:45,981 INFO     ___FILE_ONLY___ < 1 MiB
2018-09-05 02:13:45,982 INFO     ___FILE_ONLY___  
2018-09-05 02:13:45,982 INFO     ___FILE_ONLY___ |
2018-09-05 02:13:45,982 INFO     ___FILE_ONLY___ 

2018-09-05 02:13:45,983 INFO     ___FILE_ONLY___ | 
2018-09-05 02:13:45,983 INFO     ___FILE_ONLY___ gcloud cli dependencies                            
2018-09-05 02:13:45,984 INFO     ___FILE_ONLY___  
2018-09-05 02:13:45,984 INFO     ___FILE_ONLY___ | 
2018-09-05 02:13:45,984 INFO     ___FILE_ONLY___ 2018.08.24
2018-09-05 02:13:45,985 INFO     ___FILE_ONLY___  
2018-09-05 02:13:45,985 INFO     ___FILE_ONLY___ | 
2018-09-05 02:13:45,985 INFO     ___FILE_ONLY___ 2.4 MiB
2018-09-05 02:13:45,986 INFO     ___FILE_ONLY___  
2018-09-05 02:13:45,986 INFO     ___FILE_ONLY___ |
2018-09-05 02:13:45,986 INFO     ___FILE_ONLY___ 

2018-09-05 02:13:45,986 INFO     ___FILE_ONLY___ | 
2018-09-05 02:13:45,987 INFO     ___FILE_ONLY___ gcloud cli dependencies                            
2018-09-05 02:13:45,987 INFO     ___FILE_ONLY___  
2018-09-05 02:13:45,987 INFO     ___FILE_ONLY___ | 
2018-09-05 02:13:45,988 INFO     ___FILE_ONLY___ 2018.08.03
2018-09-05 02:13:45,988 INFO     ___FILE_ONLY___  
2018-09-05 02:13:45,988 INFO     ___FILE_ONLY___ | 
2018-09-05 02:13:45,988 INFO     ___FILE_ONLY___ 8.6 MiB
2018-09-05 02:13:45,989 INFO     ___FILE_ONLY___  
2018-09-05 02:13:45,989 INFO     ___FILE_ONLY___ |
2018-09-05 02:13:45,989 INFO     ___FILE_ONLY___ 

2018-09-05 02:13:45,990 INFO     ___FILE_ONLY___ +-----------------------------------------------------+------------+---------+
2018-09-05 02:13:45,990 INFO     ___FILE_ONLY___ 

2018-09-05 02:13:45,992 INFO     ___FILE_ONLY___ 

2018-09-05 02:13:46,667 INFO     ___FILE_ONLY___ A lot has changed since your last upgrade.  For the latest full release notes,
please visit:
  https://cloud.google.com/sdk/release_notes


2018-09-05 02:13:51,969 INFO     ___FILE_ONLY___ #============================================================#

2018-09-05 02:13:51,970 INFO     ___FILE_ONLY___ #= Creating update staging area                             =#

2018-09-05 02:13:51,971 INFO     ___FILE_ONLY___ #
2018-09-05 02:13:51,972 INFO     ___FILE_ONLY___ ======
2018-09-05 02:13:51,972 INFO     ___FILE_ONLY___ ======
2018-09-05 02:13:51,973 INFO     ___FILE_ONLY___ ======
2018-09-05 02:13:52,326 INFO     ___FILE_ONLY___ =
2018-09-05 02:13:52,664 INFO     ___FILE_ONLY___ =
2018-09-05 02:13:52,827 INFO     ___FILE_ONLY___ =
2018-09-05 02:13:53,013 INFO     ___FILE_ONLY___ =
2018-09-05 02:13:53,112 INFO     ___FILE_ONLY___ =
2018-09-05 02:13:53,245 INFO     ___FILE_ONLY___ =
2018-09-05 02:13:53,377 INFO     ___FILE_ONLY___ =
2018-09-05 02:13:53,596 INFO     ___FILE_ONLY___ =
2018-09-05 02:13:53,713 INFO     ___FILE_ONLY___ =
2018-09-05 02:13:53,807 INFO     ___FILE_ONLY___ =
2018-09-05 02:13:53,906 INFO     ___FILE_ONLY___ =
2018-09-05 02:13:54,065 INFO     ___FILE_ONLY___ =
2018-09-05 02:13:54,245 INFO     ___FILE_ONLY___ =
2018-09-05 02:13:54,361 INFO     ___FILE_ONLY___ =
2018-09-05 02:13:54,681 INFO     ___FILE_ONLY___ =
2018-09-05 02:13:54,809 INFO     ___FILE_ONLY___ =
2018-09-05 02:13:55,033 INFO     ___FILE_ONLY___ =
2018-09-05 02:13:55,158 INFO     ___FILE_ONLY___ =
2018-09-05 02:13:55,297 INFO     ___FILE_ONLY___ =
2018-09-05 02:13:55,574 INFO     ___FILE_ONLY___ =
2018-09-05 02:13:55,754 INFO     ___FILE_ONLY___ =
2018-09-05 02:13:55,871 INFO     ___FILE_ONLY___ =
2018-09-05 02:13:56,016 INFO     ___FILE_ONLY___ =
2018-09-05 02:13:56,192 INFO     ___FILE_ONLY___ =
2018-09-05 02:13:56,306 INFO     ___FILE_ONLY___ =
2018-09-05 02:13:56,450 INFO     ___FILE_ONLY___ =
2018-09-05 02:13:56,634 INFO     ___FILE_ONLY___ =
2018-09-05 02:13:56,920 INFO     ___FILE_ONLY___ =
2018-09-05 02:13:57,088 INFO     ___FILE_ONLY___ =
2018-09-05 02:13:57,328 INFO     ___FILE_ONLY___ =
2018-09-05 02:13:57,628 INFO     ___FILE_ONLY___ =
2018-09-05 02:13:58,055 INFO     ___FILE_ONLY___ =
2018-09-05 02:13:58,243 INFO     ___FILE_ONLY___ =
2018-09-05 02:13:58,401 INFO     ___FILE_ONLY___ =
2018-09-05 02:13:58,570 INFO     ___FILE_ONLY___ =
2018-09-05 02:13:58,748 INFO     ___FILE_ONLY___ =
2018-09-05 02:13:58,866 INFO     ___FILE_ONLY___ =
2018-09-05 02:13:59,038 INFO     ___FILE_ONLY___ =
2018-09-05 02:13:59,275 INFO     ___FILE_ONLY___ =
2018-09-05 02:13:59,411 INFO     ___FILE_ONLY___ =
2018-09-05 02:13:59,532 INFO     ___FILE_ONLY___ =
2018-09-05 02:13:59,671 INFO     ___FILE_ONLY___ =
2018-09-05 02:13:59,672 INFO     ___FILE_ONLY___ #

2018-09-05 02:13:59,679 INFO     ___FILE_ONLY___ #= Uninstalling: BigQuery Command Line Tool                 =#

2018-09-05 02:13:59,679 INFO     ___FILE_ONLY___ #
2018-09-05 02:13:59,681 INFO     ___FILE_ONLY___ =
2018-09-05 02:13:59,682 INFO     ___FILE_ONLY___ =
2018-09-05 02:13:59,684 INFO     ___FILE_ONLY___ =
2018-09-05 02:13:59,685 INFO     ___FILE_ONLY___ =
2018-09-05 02:13:59,686 INFO     ___FILE_ONLY___ =
2018-09-05 02:13:59,688 INFO     ___FILE_ONLY___ =
2018-09-05 02:13:59,689 INFO     ___FILE_ONLY___ =
2018-09-05 02:13:59,690 INFO     ___FILE_ONLY___ =
2018-09-05 02:13:59,692 INFO     ___FILE_ONLY___ =
2018-09-05 02:13:59,693 INFO     ___FILE_ONLY___ =
2018-09-05 02:13:59,694 INFO     ___FILE_ONLY___ =
2018-09-05 02:13:59,699 INFO     ___FILE_ONLY___ =
2018-09-05 02:13:59,700 INFO     ___FILE_ONLY___ =
2018-09-05 02:13:59,702 INFO     ___FILE_ONLY___ =
2018-09-05 02:13:59,703 INFO     ___FILE_ONLY___ =
2018-09-05 02:13:59,705 INFO     ___FILE_ONLY___ =
2018-09-05 02:13:59,706 INFO     ___FILE_ONLY___ =
2018-09-05 02:13:59,707 INFO     ___FILE_ONLY___ =
2018-09-05 02:13:59,708 INFO     ___FILE_ONLY___ =
2018-09-05 02:13:59,709 INFO     ___FILE_ONLY___ =
2018-09-05 02:13:59,710 INFO     ___FILE_ONLY___ =
2018-09-05 02:13:59,711 INFO     ___FILE_ONLY___ =
2018-09-05 02:13:59,713 INFO     ___FILE_ONLY___ =
2018-09-05 02:13:59,715 INFO     ___FILE_ONLY___ =
2018-09-05 02:13:59,716 INFO     ___FILE_ONLY___ =
2018-09-05 02:13:59,717 INFO     ___FILE_ONLY___ =
2018-09-05 02:13:59,719 INFO     ___FILE_ONLY___ =
2018-09-05 02:13:59,720 INFO     ___FILE_ONLY___ =
2018-09-05 02:13:59,722 INFO     ___FILE_ONLY___ =
2018-09-05 02:13:59,723 INFO     ___FILE_ONLY___ =
2018-09-05 02:13:59,724 INFO     ___FILE_ONLY___ =
2018-09-05 02:13:59,726 INFO     ___FILE_ONLY___ =
2018-09-05 02:13:59,727 INFO     ___FILE_ONLY___ =
2018-09-05 02:13:59,729 INFO     ___FILE_ONLY___ =
2018-09-05 02:13:59,730 INFO     ___FILE_ONLY___ =
2018-09-05 02:13:59,732 INFO     ___FILE_ONLY___ =
2018-09-05 02:13:59,733 INFO     ___FILE_ONLY___ =
2018-09-05 02:13:59,735 INFO     ___FILE_ONLY___ =
2018-09-05 02:13:59,736 INFO     ___FILE_ONLY___ =
2018-09-05 02:13:59,737 INFO     ___FILE_ONLY___ =
2018-09-05 02:13:59,739 INFO     ___FILE_ONLY___ =
2018-09-05 02:13:59,740 INFO     ___FILE_ONLY___ =
2018-09-05 02:13:59,742 INFO     ___FILE_ONLY___ =
2018-09-05 02:13:59,743 INFO     ___FILE_ONLY___ =
2018-09-05 02:13:59,744 INFO     ___FILE_ONLY___ =
2018-09-05 02:13:59,746 INFO     ___FILE_ONLY___ =
2018-09-05 02:13:59,747 INFO     ___FILE_ONLY___ =
2018-09-05 02:13:59,748 INFO     ___FILE_ONLY___ =
2018-09-05 02:13:59,749 INFO     ___FILE_ONLY___ =
2018-09-05 02:13:59,751 INFO     ___FILE_ONLY___ =
2018-09-05 02:13:59,752 INFO     ___FILE_ONLY___ =
2018-09-05 02:13:59,753 INFO     ___FILE_ONLY___ =
2018-09-05 02:13:59,754 INFO     ___FILE_ONLY___ =
2018-09-05 02:13:59,755 INFO     ___FILE_ONLY___ =
2018-09-05 02:13:59,756 INFO     ___FILE_ONLY___ =
2018-09-05 02:13:59,757 INFO     ___FILE_ONLY___ =
2018-09-05 02:13:59,758 INFO     ___FILE_ONLY___ =
2018-09-05 02:13:59,759 INFO     ___FILE_ONLY___ =
2018-09-05 02:13:59,760 INFO     ___FILE_ONLY___ =
2018-09-05 02:13:59,761 INFO     ___FILE_ONLY___ =
2018-09-05 02:13:59,762 INFO     ___FILE_ONLY___ #

2018-09-05 02:13:59,767 INFO     ___FILE_ONLY___ #= Uninstalling: BigQuery Command Line Tool (Platform Sp... =#

2018-09-05 02:13:59,767 INFO     ___FILE_ONLY___ #
2018-09-05 02:13:59,768 INFO     ___FILE_ONLY___ ============================================================
2018-09-05 02:13:59,768 INFO     ___FILE_ONLY___ #

2018-09-05 02:13:59,770 INFO     ___FILE_ONLY___ #= Uninstalling: Cloud SDK Core Libraries                   =#

2018-09-05 02:13:59,770 INFO     ___FILE_ONLY___ #
2018-09-05 02:13:59,788 INFO     ___FILE_ONLY___ =
2018-09-05 02:13:59,801 INFO     ___FILE_ONLY___ =
2018-09-05 02:13:59,815 INFO     ___FILE_ONLY___ =
2018-09-05 02:13:59,828 INFO     ___FILE_ONLY___ =
2018-09-05 02:13:59,841 INFO     ___FILE_ONLY___ =
2018-09-05 02:13:59,853 INFO     ___FILE_ONLY___ =
2018-09-05 02:13:59,867 INFO     ___FILE_ONLY___ =
2018-09-05 02:13:59,883 INFO     ___FILE_ONLY___ =
2018-09-05 02:13:59,897 INFO     ___FILE_ONLY___ =
2018-09-05 02:13:59,910 INFO     ___FILE_ONLY___ =
2018-09-05 02:13:59,921 INFO     ___FILE_ONLY___ =
2018-09-05 02:13:59,933 INFO     ___FILE_ONLY___ =
2018-09-05 02:13:59,947 INFO     ___FILE_ONLY___ =
2018-09-05 02:14:00,013 INFO     ___FILE_ONLY___ =
2018-09-05 02:14:00,028 INFO     ___FILE_ONLY___ =
2018-09-05 02:14:00,042 INFO     ___FILE_ONLY___ =
2018-09-05 02:14:00,055 INFO     ___FILE_ONLY___ =
2018-09-05 02:14:00,069 INFO     ___FILE_ONLY___ =
2018-09-05 02:14:00,088 INFO     ___FILE_ONLY___ =
2018-09-05 02:14:00,102 INFO     ___FILE_ONLY___ =
2018-09-05 02:14:00,117 INFO     ___FILE_ONLY___ =
2018-09-05 02:14:00,131 INFO     ___FILE_ONLY___ =
2018-09-05 02:14:00,144 INFO     ___FILE_ONLY___ =
2018-09-05 02:14:00,156 INFO     ___FILE_ONLY___ =
2018-09-05 02:14:00,168 INFO     ___FILE_ONLY___ =
2018-09-05 02:14:00,179 INFO     ___FILE_ONLY___ =
2018-09-05 02:14:00,190 INFO     ___FILE_ONLY___ =
2018-09-05 02:14:00,200 INFO     ___FILE_ONLY___ =
2018-09-05 02:14:00,212 INFO     ___FILE_ONLY___ =
2018-09-05 02:14:00,224 INFO     ___FILE_ONLY___ =
2018-09-05 02:14:00,235 INFO     ___FILE_ONLY___ =
2018-09-05 02:14:00,246 INFO     ___FILE_ONLY___ =
2018-09-05 02:14:00,258 INFO     ___FILE_ONLY___ =
2018-09-05 02:14:00,268 INFO     ___FILE_ONLY___ =
2018-09-05 02:14:00,279 INFO     ___FILE_ONLY___ =
2018-09-05 02:14:00,292 INFO     ___FILE_ONLY___ =
2018-09-05 02:14:00,303 INFO     ___FILE_ONLY___ =
2018-09-05 02:14:00,313 INFO     ___FILE_ONLY___ =
2018-09-05 02:14:00,324 INFO     ___FILE_ONLY___ =
2018-09-05 02:14:00,336 INFO     ___FILE_ONLY___ =
2018-09-05 02:14:00,347 INFO     ___FILE_ONLY___ =
2018-09-05 02:14:00,358 INFO     ___FILE_ONLY___ =
2018-09-05 02:14:00,369 INFO     ___FILE_ONLY___ =
2018-09-05 02:14:00,381 INFO     ___FILE_ONLY___ =
2018-09-05 02:14:00,391 INFO     ___FILE_ONLY___ =
2018-09-05 02:14:00,401 INFO     ___FILE_ONLY___ =
2018-09-05 02:14:00,411 INFO     ___FILE_ONLY___ =
2018-09-05 02:14:00,422 INFO     ___FILE_ONLY___ =
2018-09-05 02:14:00,432 INFO     ___FILE_ONLY___ =
2018-09-05 02:14:00,444 INFO     ___FILE_ONLY___ =
2018-09-05 02:14:00,454 INFO     ___FILE_ONLY___ =
2018-09-05 02:14:00,465 INFO     ___FILE_ONLY___ =
2018-09-05 02:14:00,475 INFO     ___FILE_ONLY___ =
2018-09-05 02:14:00,486 INFO     ___FILE_ONLY___ =
2018-09-05 02:14:00,498 INFO     ___FILE_ONLY___ =
2018-09-05 02:14:00,511 INFO     ___FILE_ONLY___ =
2018-09-05 02:14:00,522 INFO     ___FILE_ONLY___ =
2018-09-05 02:14:00,534 INFO     ___FILE_ONLY___ =
2018-09-05 02:14:00,544 INFO     ___FILE_ONLY___ =
2018-09-05 02:14:00,553 INFO     ___FILE_ONLY___ =
2018-09-05 02:14:00,554 INFO     ___FILE_ONLY___ #

2018-09-05 02:14:00,665 INFO     ___FILE_ONLY___ #= Uninstalling: Cloud SDK Core Libraries (Platform Spec... =#

2018-09-05 02:14:00,665 INFO     ___FILE_ONLY___ #
2018-09-05 02:14:00,666 INFO     ___FILE_ONLY___ ==============================
2018-09-05 02:14:00,667 INFO     ___FILE_ONLY___ ==============================
2018-09-05 02:14:00,667 INFO     ___FILE_ONLY___ #

2018-09-05 02:14:00,668 INFO     ___FILE_ONLY___ #= Uninstalling: Cloud Storage Command Line Tool            =#

2018-09-05 02:14:00,668 INFO     ___FILE_ONLY___ #
2018-09-05 02:14:00,676 INFO     ___FILE_ONLY___ =
2018-09-05 02:14:00,684 INFO     ___FILE_ONLY___ =
2018-09-05 02:14:00,692 INFO     ___FILE_ONLY___ =
2018-09-05 02:14:00,700 INFO     ___FILE_ONLY___ =
2018-09-05 02:14:00,706 INFO     ___FILE_ONLY___ =
2018-09-05 02:14:00,713 INFO     ___FILE_ONLY___ =
2018-09-05 02:14:00,721 INFO     ___FILE_ONLY___ =
2018-09-05 02:14:00,729 INFO     ___FILE_ONLY___ =
2018-09-05 02:14:00,736 INFO     ___FILE_ONLY___ =
2018-09-05 02:14:00,742 INFO     ___FILE_ONLY___ =
2018-09-05 02:14:00,750 INFO     ___FILE_ONLY___ =
2018-09-05 02:14:00,756 INFO     ___FILE_ONLY___ =
2018-09-05 02:14:00,762 INFO     ___FILE_ONLY___ =
2018-09-05 02:14:00,769 INFO     ___FILE_ONLY___ =
2018-09-05 02:14:00,776 INFO     ___FILE_ONLY___ =
2018-09-05 02:14:00,785 INFO     ___FILE_ONLY___ =
2018-09-05 02:14:00,794 INFO     ___FILE_ONLY___ =
2018-09-05 02:14:00,801 INFO     ___FILE_ONLY___ =
2018-09-05 02:14:00,807 INFO     ___FILE_ONLY___ =
2018-09-05 02:14:00,815 INFO     ___FILE_ONLY___ =
2018-09-05 02:14:00,824 INFO     ___FILE_ONLY___ =
2018-09-05 02:14:00,833 INFO     ___FILE_ONLY___ =
2018-09-05 02:14:00,843 INFO     ___FILE_ONLY___ =
2018-09-05 02:14:00,852 INFO     ___FILE_ONLY___ =
2018-09-05 02:14:00,860 INFO     ___FILE_ONLY___ =
2018-09-05 02:14:00,868 INFO     ___FILE_ONLY___ =
2018-09-05 02:14:00,874 INFO     ___FILE_ONLY___ =
2018-09-05 02:14:00,882 INFO     ___FILE_ONLY___ =
2018-09-05 02:14:00,889 INFO     ___FILE_ONLY___ =
2018-09-05 02:14:00,897 INFO     ___FILE_ONLY___ =
2018-09-05 02:14:00,904 INFO     ___FILE_ONLY___ =
2018-09-05 02:14:00,912 INFO     ___FILE_ONLY___ =
2018-09-05 02:14:00,919 INFO     ___FILE_ONLY___ =
2018-09-05 02:14:00,927 INFO     ___FILE_ONLY___ =
2018-09-05 02:14:00,934 INFO     ___FILE_ONLY___ =
2018-09-05 02:14:00,942 INFO     ___FILE_ONLY___ =
2018-09-05 02:14:00,950 INFO     ___FILE_ONLY___ =
2018-09-05 02:14:00,958 INFO     ___FILE_ONLY___ =
2018-09-05 02:14:00,965 INFO     ___FILE_ONLY___ =
2018-09-05 02:14:00,972 INFO     ___FILE_ONLY___ =
2018-09-05 02:14:00,978 INFO     ___FILE_ONLY___ =
2018-09-05 02:14:00,985 INFO     ___FILE_ONLY___ =
2018-09-05 02:14:00,992 INFO     ___FILE_ONLY___ =
2018-09-05 02:14:00,998 INFO     ___FILE_ONLY___ =
2018-09-05 02:14:01,004 INFO     ___FILE_ONLY___ =
2018-09-05 02:14:01,009 INFO     ___FILE_ONLY___ =
2018-09-05 02:14:01,016 INFO     ___FILE_ONLY___ =
2018-09-05 02:14:01,023 INFO     ___FILE_ONLY___ =
2018-09-05 02:14:01,031 INFO     ___FILE_ONLY___ =
2018-09-05 02:14:01,038 INFO     ___FILE_ONLY___ =
2018-09-05 02:14:01,044 INFO     ___FILE_ONLY___ =
2018-09-05 02:14:01,051 INFO     ___FILE_ONLY___ =
2018-09-05 02:14:01,059 INFO     ___FILE_ONLY___ =
2018-09-05 02:14:01,066 INFO     ___FILE_ONLY___ =
2018-09-05 02:14:01,073 INFO     ___FILE_ONLY___ =
2018-09-05 02:14:01,082 INFO     ___FILE_ONLY___ =
2018-09-05 02:14:01,088 INFO     ___FILE_ONLY___ =
2018-09-05 02:14:01,093 INFO     ___FILE_ONLY___ =
2018-09-05 02:14:01,101 INFO     ___FILE_ONLY___ =
2018-09-05 02:14:01,106 INFO     ___FILE_ONLY___ =
2018-09-05 02:14:01,107 INFO     ___FILE_ONLY___ #

2018-09-05 02:14:01,156 INFO     ___FILE_ONLY___ #= Uninstalling: Cloud Storage Command Line Tool (Platfo... =#

2018-09-05 02:14:01,156 INFO     ___FILE_ONLY___ #
2018-09-05 02:14:01,157 INFO     ___FILE_ONLY___ ============================================================
2018-09-05 02:14:01,157 INFO     ___FILE_ONLY___ #

2018-09-05 02:14:01,159 INFO     ___FILE_ONLY___ #= Uninstalling: gcloud cli dependencies                    =#

2018-09-05 02:14:01,159 INFO     ___FILE_ONLY___ #
2018-09-05 02:14:01,160 INFO     ___FILE_ONLY___ =
2018-09-05 02:14:01,160 INFO     ___FILE_ONLY___ ==
2018-09-05 02:14:01,161 INFO     ___FILE_ONLY___ =
2018-09-05 02:14:01,161 INFO     ___FILE_ONLY___ ==
2018-09-05 02:14:01,162 INFO     ___FILE_ONLY___ =
2018-09-05 02:14:01,162 INFO     ___FILE_ONLY___ ==
2018-09-05 02:14:01,163 INFO     ___FILE_ONLY___ ==
2018-09-05 02:14:01,164 INFO     ___FILE_ONLY___ =
2018-09-05 02:14:01,164 INFO     ___FILE_ONLY___ ==
2018-09-05 02:14:01,170 INFO     ___FILE_ONLY___ =
2018-09-05 02:14:01,171 INFO     ___FILE_ONLY___ ==
2018-09-05 02:14:01,172 INFO     ___FILE_ONLY___ =
2018-09-05 02:14:01,172 INFO     ___FILE_ONLY___ ==
2018-09-05 02:14:01,173 INFO     ___FILE_ONLY___ ==
2018-09-05 02:14:01,173 INFO     ___FILE_ONLY___ =
2018-09-05 02:14:01,174 INFO     ___FILE_ONLY___ ==
2018-09-05 02:14:01,175 INFO     ___FILE_ONLY___ =
2018-09-05 02:14:01,176 INFO     ___FILE_ONLY___ ==
2018-09-05 02:14:01,176 INFO     ___FILE_ONLY___ ==
2018-09-05 02:14:01,176 INFO     ___FILE_ONLY___ =
2018-09-05 02:14:01,177 INFO     ___FILE_ONLY___ ==
2018-09-05 02:14:01,177 INFO     ___FILE_ONLY___ =
2018-09-05 02:14:01,178 INFO     ___FILE_ONLY___ ==
2018-09-05 02:14:01,178 INFO     ___FILE_ONLY___ =
2018-09-05 02:14:01,179 INFO     ___FILE_ONLY___ ==
2018-09-05 02:14:01,179 INFO     ___FILE_ONLY___ ==
2018-09-05 02:14:01,180 INFO     ___FILE_ONLY___ =
2018-09-05 02:14:01,180 INFO     ___FILE_ONLY___ ==
2018-09-05 02:14:01,180 INFO     ___FILE_ONLY___ =
2018-09-05 02:14:01,181 INFO     ___FILE_ONLY___ ==
2018-09-05 02:14:01,181 INFO     ___FILE_ONLY___ =
2018-09-05 02:14:01,182 INFO     ___FILE_ONLY___ ==
2018-09-05 02:14:01,182 INFO     ___FILE_ONLY___ ==
2018-09-05 02:14:01,183 INFO     ___FILE_ONLY___ =
2018-09-05 02:14:01,183 INFO     ___FILE_ONLY___ ==
2018-09-05 02:14:01,184 INFO     ___FILE_ONLY___ =
2018-09-05 02:14:01,184 INFO     ___FILE_ONLY___ ==
2018-09-05 02:14:01,185 INFO     ___FILE_ONLY___ ==
2018-09-05 02:14:01,185 INFO     ___FILE_ONLY___ #

2018-09-05 02:14:01,188 INFO     ___FILE_ONLY___ #= Uninstalling: gcloud cli dependencies                    =#

2018-09-05 02:14:01,189 INFO     ___FILE_ONLY___ #
2018-09-05 02:14:01,192 INFO     ___FILE_ONLY___ =
2018-09-05 02:14:01,194 INFO     ___FILE_ONLY___ =
2018-09-05 02:14:01,197 INFO     ___FILE_ONLY___ =
2018-09-05 02:14:01,200 INFO     ___FILE_ONLY___ =
2018-09-05 02:14:01,202 INFO     ___FILE_ONLY___ =
2018-09-05 02:14:01,204 INFO     ___FILE_ONLY___ =
2018-09-05 02:14:01,206 INFO     ___FILE_ONLY___ =
2018-09-05 02:14:01,208 INFO     ___FILE_ONLY___ =
2018-09-05 02:14:01,210 INFO     ___FILE_ONLY___ =
2018-09-05 02:14:01,212 INFO     ___FILE_ONLY___ =
2018-09-05 02:14:01,214 INFO     ___FILE_ONLY___ =
2018-09-05 02:14:01,216 INFO     ___FILE_ONLY___ =
2018-09-05 02:14:01,220 INFO     ___FILE_ONLY___ =
2018-09-05 02:14:01,222 INFO     ___FILE_ONLY___ =
2018-09-05 02:14:01,225 INFO     ___FILE_ONLY___ =
2018-09-05 02:14:01,228 INFO     ___FILE_ONLY___ =
2018-09-05 02:14:01,230 INFO     ___FILE_ONLY___ =
2018-09-05 02:14:01,233 INFO     ___FILE_ONLY___ =
2018-09-05 02:14:01,235 INFO     ___FILE_ONLY___ =
2018-09-05 02:14:01,238 INFO     ___FILE_ONLY___ =
2018-09-05 02:14:01,240 INFO     ___FILE_ONLY___ =
2018-09-05 02:14:01,242 INFO     ___FILE_ONLY___ =
2018-09-05 02:14:01,244 INFO     ___FILE_ONLY___ =
2018-09-05 02:14:01,246 INFO     ___FILE_ONLY___ =
2018-09-05 02:14:01,248 INFO     ___FILE_ONLY___ =
2018-09-05 02:14:01,250 INFO     ___FILE_ONLY___ =
2018-09-05 02:14:01,252 INFO     ___FILE_ONLY___ =
2018-09-05 02:14:01,255 INFO     ___FILE_ONLY___ =
2018-09-05 02:14:01,257 INFO     ___FILE_ONLY___ =
2018-09-05 02:14:01,259 INFO     ___FILE_ONLY___ =
2018-09-05 02:14:01,261 INFO     ___FILE_ONLY___ =
2018-09-05 02:14:01,264 INFO     ___FILE_ONLY___ =
2018-09-05 02:14:01,266 INFO     ___FILE_ONLY___ =
2018-09-05 02:14:01,268 INFO     ___FILE_ONLY___ =
2018-09-05 02:14:01,270 INFO     ___FILE_ONLY___ =
2018-09-05 02:14:01,272 INFO     ___FILE_ONLY___ =
2018-09-05 02:14:01,274 INFO     ___FILE_ONLY___ =
2018-09-05 02:14:01,277 INFO     ___FILE_ONLY___ =
2018-09-05 02:14:01,279 INFO     ___FILE_ONLY___ =
2018-09-05 02:14:01,282 INFO     ___FILE_ONLY___ =
2018-09-05 02:14:01,284 INFO     ___FILE_ONLY___ =
2018-09-05 02:14:01,286 INFO     ___FILE_ONLY___ =
2018-09-05 02:14:01,288 INFO     ___FILE_ONLY___ =
2018-09-05 02:14:01,290 INFO     ___FILE_ONLY___ =
2018-09-05 02:14:01,293 INFO     ___FILE_ONLY___ =
2018-09-05 02:14:01,295 INFO     ___FILE_ONLY___ =
2018-09-05 02:14:01,296 INFO     ___FILE_ONLY___ =
2018-09-05 02:14:01,299 INFO     ___FILE_ONLY___ =
2018-09-05 02:14:01,301 INFO     ___FILE_ONLY___ =
2018-09-05 02:14:01,303 INFO     ___FILE_ONLY___ =
2018-09-05 02:14:01,306 INFO     ___FILE_ONLY___ =
2018-09-05 02:14:01,308 INFO     ___FILE_ONLY___ =
2018-09-05 02:14:01,311 INFO     ___FILE_ONLY___ =
2018-09-05 02:14:01,313 INFO     ___FILE_ONLY___ =
2018-09-05 02:14:01,314 INFO     ___FILE_ONLY___ =
2018-09-05 02:14:01,316 INFO     ___FILE_ONLY___ =
2018-09-05 02:14:01,318 INFO     ___FILE_ONLY___ =
2018-09-05 02:14:01,321 INFO     ___FILE_ONLY___ =
2018-09-05 02:14:01,323 INFO     ___FILE_ONLY___ =
2018-09-05 02:14:01,325 INFO     ___FILE_ONLY___ =
2018-09-05 02:14:01,325 INFO     ___FILE_ONLY___ #

2018-09-05 02:14:01,336 INFO     ___FILE_ONLY___ #= Installing: BigQuery Command Line Tool                   =#

2018-09-05 02:14:01,336 INFO     ___FILE_ONLY___ #
2018-09-05 02:14:01,880 INFO     ___FILE_ONLY___ =
2018-09-05 02:14:01,902 INFO     ___FILE_ONLY___ =
2018-09-05 02:14:01,933 INFO     ___FILE_ONLY___ =
2018-09-05 02:14:01,945 INFO     ___FILE_ONLY___ =
2018-09-05 02:14:01,962 INFO     ___FILE_ONLY___ =
2018-09-05 02:14:01,971 INFO     ___FILE_ONLY___ =
2018-09-05 02:14:01,989 INFO     ___FILE_ONLY___ =
2018-09-05 02:14:01,998 INFO     ___FILE_ONLY___ =
2018-09-05 02:14:02,006 INFO     ___FILE_ONLY___ =
2018-09-05 02:14:02,012 INFO     ___FILE_ONLY___ =
2018-09-05 02:14:02,020 INFO     ___FILE_ONLY___ =
2018-09-05 02:14:02,029 INFO     ___FILE_ONLY___ =
2018-09-05 02:14:02,038 INFO     ___FILE_ONLY___ =
2018-09-05 02:14:02,042 INFO     ___FILE_ONLY___ =
2018-09-05 02:14:02,047 INFO     ___FILE_ONLY___ =
2018-09-05 02:14:02,050 INFO     ___FILE_ONLY___ =
2018-09-05 02:14:02,053 INFO     ___FILE_ONLY___ =
2018-09-05 02:14:02,068 INFO     ___FILE_ONLY___ =
2018-09-05 02:14:02,071 INFO     ___FILE_ONLY___ =
2018-09-05 02:14:02,073 INFO     ___FILE_ONLY___ =
2018-09-05 02:14:02,076 INFO     ___FILE_ONLY___ =
2018-09-05 02:14:02,080 INFO     ___FILE_ONLY___ =
2018-09-05 02:14:02,084 INFO     ___FILE_ONLY___ =
2018-09-05 02:14:02,097 INFO     ___FILE_ONLY___ =
2018-09-05 02:14:02,106 INFO     ___FILE_ONLY___ =
2018-09-05 02:14:02,115 INFO     ___FILE_ONLY___ =
2018-09-05 02:14:02,116 INFO     ___FILE_ONLY___ =
2018-09-05 02:14:02,117 INFO     ___FILE_ONLY___ =
2018-09-05 02:14:02,118 INFO     ___FILE_ONLY___ =
2018-09-05 02:14:02,121 INFO     ___FILE_ONLY___ =
2018-09-05 02:14:02,213 INFO     ___FILE_ONLY___ =
2018-09-05 02:14:02,219 INFO     ___FILE_ONLY___ =
2018-09-05 02:14:02,225 INFO     ___FILE_ONLY___ =
2018-09-05 02:14:02,230 INFO     ___FILE_ONLY___ =
2018-09-05 02:14:02,234 INFO     ___FILE_ONLY___ =
2018-09-05 02:14:02,238 INFO     ___FILE_ONLY___ =
2018-09-05 02:14:02,242 INFO     ___FILE_ONLY___ =
2018-09-05 02:14:02,247 INFO     ___FILE_ONLY___ =
2018-09-05 02:14:02,251 INFO     ___FILE_ONLY___ =
2018-09-05 02:14:02,256 INFO     ___FILE_ONLY___ =
2018-09-05 02:14:02,260 INFO     ___FILE_ONLY___ =
2018-09-05 02:14:02,265 INFO     ___FILE_ONLY___ =
2018-09-05 02:14:02,268 INFO     ___FILE_ONLY___ =
2018-09-05 02:14:02,273 INFO     ___FILE_ONLY___ =
2018-09-05 02:14:02,278 INFO     ___FILE_ONLY___ =
2018-09-05 02:14:02,281 INFO     ___FILE_ONLY___ =
2018-09-05 02:14:02,285 INFO     ___FILE_ONLY___ =
2018-09-05 02:14:02,288 INFO     ___FILE_ONLY___ =
2018-09-05 02:14:02,294 INFO     ___FILE_ONLY___ =
2018-09-05 02:14:02,299 INFO     ___FILE_ONLY___ =
2018-09-05 02:14:02,305 INFO     ___FILE_ONLY___ =
2018-09-05 02:14:02,313 INFO     ___FILE_ONLY___ =
2018-09-05 02:14:02,317 INFO     ___FILE_ONLY___ =
2018-09-05 02:14:02,321 INFO     ___FILE_ONLY___ =
2018-09-05 02:14:02,326 INFO     ___FILE_ONLY___ =
2018-09-05 02:14:02,331 INFO     ___FILE_ONLY___ =
2018-09-05 02:14:02,335 INFO     ___FILE_ONLY___ =
2018-09-05 02:14:02,340 INFO     ___FILE_ONLY___ =
2018-09-05 02:14:02,347 INFO     ___FILE_ONLY___ =
2018-09-05 02:14:02,357 INFO     ___FILE_ONLY___ =
2018-09-05 02:14:02,358 INFO     ___FILE_ONLY___ #

2018-09-05 02:14:02,375 INFO     ___FILE_ONLY___ #= Installing: BigQuery Command Line Tool (Platform Spec... =#

2018-09-05 02:14:02,376 INFO     ___FILE_ONLY___ #
2018-09-05 02:14:02,830 INFO     ___FILE_ONLY___ ==============================
2018-09-05 02:14:02,833 INFO     ___FILE_ONLY___ ===============
2018-09-05 02:14:02,835 INFO     ___FILE_ONLY___ ===============
2018-09-05 02:14:02,835 INFO     ___FILE_ONLY___ #

2018-09-05 02:14:02,845 INFO     ___FILE_ONLY___ #= Installing: Cloud SDK Core Libraries                     =#

2018-09-05 02:14:02,845 INFO     ___FILE_ONLY___ #
2018-09-05 02:14:03,681 INFO     ___FILE_ONLY___ =
2018-09-05 02:14:03,765 INFO     ___FILE_ONLY___ =
2018-09-05 02:14:03,817 INFO     ___FILE_ONLY___ =
2018-09-05 02:14:03,861 INFO     ___FILE_ONLY___ =
2018-09-05 02:14:03,927 INFO     ___FILE_ONLY___ =
2018-09-05 02:14:04,214 INFO     ___FILE_ONLY___ =
2018-09-05 02:14:04,241 INFO     ___FILE_ONLY___ =
2018-09-05 02:14:04,245 INFO     ___FILE_ONLY___ =
2018-09-05 02:14:04,257 INFO     ___FILE_ONLY___ =
2018-09-05 02:14:04,310 INFO     ___FILE_ONLY___ =
2018-09-05 02:14:04,371 INFO     ___FILE_ONLY___ =
2018-09-05 02:14:04,439 INFO     ___FILE_ONLY___ =
2018-09-05 02:14:04,498 INFO     ___FILE_ONLY___ =
2018-09-05 02:14:04,554 INFO     ___FILE_ONLY___ =
2018-09-05 02:14:04,615 INFO     ___FILE_ONLY___ =
2018-09-05 02:14:04,665 INFO     ___FILE_ONLY___ =
2018-09-05 02:14:04,716 INFO     ___FILE_ONLY___ =
2018-09-05 02:14:04,765 INFO     ___FILE_ONLY___ =
2018-09-05 02:14:04,818 INFO     ___FILE_ONLY___ =
2018-09-05 02:14:04,872 INFO     ___FILE_ONLY___ =
2018-09-05 02:14:04,915 INFO     ___FILE_ONLY___ =
2018-09-05 02:14:04,960 INFO     ___FILE_ONLY___ =
2018-09-05 02:14:05,007 INFO     ___FILE_ONLY___ =
2018-09-05 02:14:05,059 INFO     ___FILE_ONLY___ =
2018-09-05 02:14:05,112 INFO     ___FILE_ONLY___ =
2018-09-05 02:14:05,159 INFO     ___FILE_ONLY___ =
2018-09-05 02:14:05,198 INFO     ___FILE_ONLY___ =
2018-09-05 02:14:05,247 INFO     ___FILE_ONLY___ =
2018-09-05 02:14:05,287 INFO     ___FILE_ONLY___ =
2018-09-05 02:14:05,323 INFO     ___FILE_ONLY___ =
2018-09-05 02:14:07,358 INFO     ___FILE_ONLY___ =
2018-09-05 02:14:07,414 INFO     ___FILE_ONLY___ =
2018-09-05 02:14:07,464 INFO     ___FILE_ONLY___ =
2018-09-05 02:14:07,515 INFO     ___FILE_ONLY___ =
2018-09-05 02:14:07,568 INFO     ___FILE_ONLY___ =
2018-09-05 02:14:07,633 INFO     ___FILE_ONLY___ =
2018-09-05 02:14:07,692 INFO     ___FILE_ONLY___ =
2018-09-05 02:14:07,749 INFO     ___FILE_ONLY___ =
2018-09-05 02:14:07,804 INFO     ___FILE_ONLY___ =
2018-09-05 02:14:07,860 INFO     ___FILE_ONLY___ =
2018-09-05 02:14:07,928 INFO     ___FILE_ONLY___ =
2018-09-05 02:14:07,988 INFO     ___FILE_ONLY___ =
2018-09-05 02:14:08,042 INFO     ___FILE_ONLY___ =
2018-09-05 02:14:08,096 INFO     ___FILE_ONLY___ =
2018-09-05 02:14:08,198 INFO     ___FILE_ONLY___ =
2018-09-05 02:14:08,364 INFO     ___FILE_ONLY___ =
2018-09-05 02:14:08,474 INFO     ___FILE_ONLY___ =
2018-09-05 02:14:08,737 INFO     ___FILE_ONLY___ =
2018-09-05 02:14:08,831 INFO     ___FILE_ONLY___ =
2018-09-05 02:14:08,918 INFO     ___FILE_ONLY___ =
2018-09-05 02:14:08,978 INFO     ___FILE_ONLY___ =
2018-09-05 02:14:09,035 INFO     ___FILE_ONLY___ =
2018-09-05 02:14:09,087 INFO     ___FILE_ONLY___ =
2018-09-05 02:14:09,143 INFO     ___FILE_ONLY___ =
2018-09-05 02:14:09,204 INFO     ___FILE_ONLY___ =
2018-09-05 02:14:09,263 INFO     ___FILE_ONLY___ =
2018-09-05 02:14:09,326 INFO     ___FILE_ONLY___ =
2018-09-05 02:14:09,398 INFO     ___FILE_ONLY___ =
2018-09-05 02:14:09,480 INFO     ___FILE_ONLY___ =
2018-09-05 02:14:09,546 INFO     ___FILE_ONLY___ =
2018-09-05 02:14:09,547 INFO     ___FILE_ONLY___ #

2018-09-05 02:14:09,735 INFO     ___FILE_ONLY___ #= Installing: Cloud SDK Core Libraries (Platform Specific) =#

2018-09-05 02:14:09,735 INFO     ___FILE_ONLY___ #
2018-09-05 02:14:10,191 INFO     ___FILE_ONLY___ ==============================
2018-09-05 02:14:10,194 INFO     ___FILE_ONLY___ ==========
2018-09-05 02:14:10,196 INFO     ___FILE_ONLY___ =========
2018-09-05 02:14:10,197 INFO     ___FILE_ONLY___ ===========
2018-09-05 02:14:10,197 INFO     ___FILE_ONLY___ #

2018-09-05 02:14:10,208 INFO     ___FILE_ONLY___ #= Installing: Cloud Storage Command Line Tool              =#

2018-09-05 02:14:10,208 INFO     ___FILE_ONLY___ #
2018-09-05 02:14:10,851 INFO     ___FILE_ONLY___ =
2018-09-05 02:14:10,918 INFO     ___FILE_ONLY___ =
2018-09-05 02:14:10,949 INFO     ___FILE_ONLY___ =
2018-09-05 02:14:10,983 INFO     ___FILE_ONLY___ =
2018-09-05 02:14:11,008 INFO     ___FILE_ONLY___ =
2018-09-05 02:14:11,025 INFO     ___FILE_ONLY___ =
2018-09-05 02:14:11,041 INFO     ___FILE_ONLY___ =
2018-09-05 02:14:11,064 INFO     ___FILE_ONLY___ =
2018-09-05 02:14:11,091 INFO     ___FILE_ONLY___ =
2018-09-05 02:14:11,110 INFO     ___FILE_ONLY___ =
2018-09-05 02:14:11,129 INFO     ___FILE_ONLY___ =
2018-09-05 02:14:11,152 INFO     ___FILE_ONLY___ =
2018-09-05 02:14:11,168 INFO     ___FILE_ONLY___ =
2018-09-05 02:14:11,189 INFO     ___FILE_ONLY___ =
2018-09-05 02:14:11,203 INFO     ___FILE_ONLY___ =
2018-09-05 02:14:11,229 INFO     ___FILE_ONLY___ =
2018-09-05 02:14:11,250 INFO     ___FILE_ONLY___ =
2018-09-05 02:14:11,272 INFO     ___FILE_ONLY___ =
2018-09-05 02:14:11,290 INFO     ___FILE_ONLY___ =
2018-09-05 02:14:11,304 INFO     ___FILE_ONLY___ =
2018-09-05 02:14:11,325 INFO     ___FILE_ONLY___ =
2018-09-05 02:14:11,350 INFO     ___FILE_ONLY___ =
2018-09-05 02:14:11,372 INFO     ___FILE_ONLY___ =
2018-09-05 02:14:11,394 INFO     ___FILE_ONLY___ =
2018-09-05 02:14:11,418 INFO     ___FILE_ONLY___ =
2018-09-05 02:14:11,433 INFO     ___FILE_ONLY___ =
2018-09-05 02:14:11,450 INFO     ___FILE_ONLY___ =
2018-09-05 02:14:11,474 INFO     ___FILE_ONLY___ =
2018-09-05 02:14:11,502 INFO     ___FILE_ONLY___ =
2018-09-05 02:14:11,517 INFO     ___FILE_ONLY___ =
2018-09-05 02:14:12,339 INFO     ___FILE_ONLY___ =
2018-09-05 02:14:12,396 INFO     ___FILE_ONLY___ =
2018-09-05 02:14:12,451 INFO     ___FILE_ONLY___ =
2018-09-05 02:14:12,486 INFO     ___FILE_ONLY___ =
2018-09-05 02:14:12,517 INFO     ___FILE_ONLY___ =
2018-09-05 02:14:12,543 INFO     ___FILE_ONLY___ =
2018-09-05 02:14:12,587 INFO     ___FILE_ONLY___ =
2018-09-05 02:14:12,627 INFO     ___FILE_ONLY___ =
2018-09-05 02:14:12,668 INFO     ___FILE_ONLY___ =
2018-09-05 02:14:12,709 INFO     ___FILE_ONLY___ =
2018-09-05 02:14:12,755 INFO     ___FILE_ONLY___ =
2018-09-05 02:14:12,801 INFO     ___FILE_ONLY___ =
2018-09-05 02:14:12,853 INFO     ___FILE_ONLY___ =
2018-09-05 02:14:12,890 INFO     ___FILE_ONLY___ =
2018-09-05 02:14:12,919 INFO     ___FILE_ONLY___ =
2018-09-05 02:14:12,958 INFO     ___FILE_ONLY___ =
2018-09-05 02:14:12,988 INFO     ___FILE_ONLY___ =
2018-09-05 02:14:13,018 INFO     ___FILE_ONLY___ =
2018-09-05 02:14:13,044 INFO     ___FILE_ONLY___ =
2018-09-05 02:14:13,074 INFO     ___FILE_ONLY___ =
2018-09-05 02:14:13,196 INFO     ___FILE_ONLY___ =
2018-09-05 02:14:13,223 INFO     ___FILE_ONLY___ =
2018-09-05 02:14:13,257 INFO     ___FILE_ONLY___ =
2018-09-05 02:14:13,283 INFO     ___FILE_ONLY___ =
2018-09-05 02:14:13,312 INFO     ___FILE_ONLY___ =
2018-09-05 02:14:13,364 INFO     ___FILE_ONLY___ =
2018-09-05 02:14:13,405 INFO     ___FILE_ONLY___ =
2018-09-05 02:14:13,435 INFO     ___FILE_ONLY___ =
2018-09-05 02:14:13,464 INFO     ___FILE_ONLY___ =
2018-09-05 02:14:13,495 INFO     ___FILE_ONLY___ =
2018-09-05 02:14:13,495 INFO     ___FILE_ONLY___ #

2018-09-05 02:14:13,603 INFO     ___FILE_ONLY___ #= Installing: Cloud Storage Command Line Tool (Platform... =#

2018-09-05 02:14:13,603 INFO     ___FILE_ONLY___ #
2018-09-05 02:14:14,063 INFO     ___FILE_ONLY___ ==============================
2018-09-05 02:14:14,065 INFO     ___FILE_ONLY___ ===============
2018-09-05 02:14:14,067 INFO     ___FILE_ONLY___ ===============
2018-09-05 02:14:14,067 INFO     ___FILE_ONLY___ #

2018-09-05 02:14:14,077 INFO     ___FILE_ONLY___ #= Installing: gcloud cli dependencies                      =#

2018-09-05 02:14:14,077 INFO     ___FILE_ONLY___ #
2018-09-05 02:14:14,695 INFO     ___FILE_ONLY___ =
2018-09-05 02:14:14,749 INFO     ___FILE_ONLY___ =
2018-09-05 02:14:14,779 INFO     ___FILE_ONLY___ =
2018-09-05 02:14:14,808 INFO     ___FILE_ONLY___ =
2018-09-05 02:14:14,840 INFO     ___FILE_ONLY___ =
2018-09-05 02:14:14,860 INFO     ___FILE_ONLY___ =
2018-09-05 02:14:14,981 INFO     ___FILE_ONLY___ =
2018-09-05 02:14:14,984 INFO     ___FILE_ONLY___ =
2018-09-05 02:14:14,989 INFO     ___FILE_ONLY___ =
2018-09-05 02:14:14,992 INFO     ___FILE_ONLY___ =
2018-09-05 02:14:14,996 INFO     ___FILE_ONLY___ =
2018-09-05 02:14:14,999 INFO     ___FILE_ONLY___ =
2018-09-05 02:14:15,002 INFO     ___FILE_ONLY___ =
2018-09-05 02:14:15,004 INFO     ___FILE_ONLY___ =
2018-09-05 02:14:15,006 INFO     ___FILE_ONLY___ =
2018-09-05 02:14:15,054 INFO     ___FILE_ONLY___ =
2018-09-05 02:14:15,063 INFO     ___FILE_ONLY___ =
2018-09-05 02:14:15,077 INFO     ___FILE_ONLY___ =
2018-09-05 02:14:15,085 INFO     ___FILE_ONLY___ =
2018-09-05 02:14:15,095 INFO     ___FILE_ONLY___ =
2018-09-05 02:14:15,109 INFO     ___FILE_ONLY___ =
2018-09-05 02:14:15,122 INFO     ___FILE_ONLY___ =
2018-09-05 02:14:15,128 INFO     ___FILE_ONLY___ =
2018-09-05 02:14:15,135 INFO     ___FILE_ONLY___ =
2018-09-05 02:14:15,149 INFO     ___FILE_ONLY___ =
2018-09-05 02:14:15,159 INFO     ___FILE_ONLY___ =
2018-09-05 02:14:15,175 INFO     ___FILE_ONLY___ =
2018-09-05 02:14:15,182 INFO     ___FILE_ONLY___ =
2018-09-05 02:14:15,188 INFO     ___FILE_ONLY___ =
2018-09-05 02:14:15,201 INFO     ___FILE_ONLY___ =
2018-09-05 02:14:15,579 INFO     ___FILE_ONLY___ =
2018-09-05 02:14:15,601 INFO     ___FILE_ONLY___ =
2018-09-05 02:14:15,623 INFO     ___FILE_ONLY___ =
2018-09-05 02:14:15,641 INFO     ___FILE_ONLY___ =
2018-09-05 02:14:15,659 INFO     ___FILE_ONLY___ =
2018-09-05 02:14:15,672 INFO     ___FILE_ONLY___ =
2018-09-05 02:14:15,686 INFO     ___FILE_ONLY___ =
2018-09-05 02:14:15,706 INFO     ___FILE_ONLY___ =
2018-09-05 02:14:15,724 INFO     ___FILE_ONLY___ =
2018-09-05 02:14:15,739 INFO     ___FILE_ONLY___ =
2018-09-05 02:14:15,758 INFO     ___FILE_ONLY___ =
2018-09-05 02:14:15,776 INFO     ___FILE_ONLY___ =
2018-09-05 02:14:15,794 INFO     ___FILE_ONLY___ =
2018-09-05 02:14:15,813 INFO     ___FILE_ONLY___ =
2018-09-05 02:14:15,832 INFO     ___FILE_ONLY___ =
2018-09-05 02:14:15,849 INFO     ___FILE_ONLY___ =
2018-09-05 02:14:15,860 INFO     ___FILE_ONLY___ =
2018-09-05 02:14:15,879 INFO     ___FILE_ONLY___ =
2018-09-05 02:14:15,903 INFO     ___FILE_ONLY___ =
2018-09-05 02:14:15,923 INFO     ___FILE_ONLY___ =
2018-09-05 02:14:15,944 INFO     ___FILE_ONLY___ =
2018-09-05 02:14:15,973 INFO     ___FILE_ONLY___ =
2018-09-05 02:14:15,996 INFO     ___FILE_ONLY___ =
2018-09-05 02:14:16,018 INFO     ___FILE_ONLY___ =
2018-09-05 02:14:16,042 INFO     ___FILE_ONLY___ =
2018-09-05 02:14:16,060 INFO     ___FILE_ONLY___ =
2018-09-05 02:14:16,073 INFO     ___FILE_ONLY___ =
2018-09-05 02:14:16,087 INFO     ___FILE_ONLY___ =
2018-09-05 02:14:16,103 INFO     ___FILE_ONLY___ =
2018-09-05 02:14:16,119 INFO     ___FILE_ONLY___ =
2018-09-05 02:14:16,120 INFO     ___FILE_ONLY___ #

2018-09-05 02:14:16,159 INFO     ___FILE_ONLY___ #= Installing: gcloud cli dependencies                      =#

2018-09-05 02:14:16,159 INFO     ___FILE_ONLY___ #
2018-09-05 02:14:16,850 INFO     ___FILE_ONLY___ =
2018-09-05 02:14:16,917 INFO     ___FILE_ONLY___ =
2018-09-05 02:14:16,959 INFO     ___FILE_ONLY___ =
2018-09-05 02:14:16,998 INFO     ___FILE_ONLY___ =
2018-09-05 02:14:17,173 INFO     ___FILE_ONLY___ =
2018-09-05 02:14:17,183 INFO     ___FILE_ONLY___ =
2018-09-05 02:14:17,188 INFO     ___FILE_ONLY___ =
2018-09-05 02:14:17,194 INFO     ___FILE_ONLY___ =
2018-09-05 02:14:17,228 INFO     ___FILE_ONLY___ =
2018-09-05 02:14:17,278 INFO     ___FILE_ONLY___ =
2018-09-05 02:14:17,313 INFO     ___FILE_ONLY___ =
2018-09-05 02:14:17,362 INFO     ___FILE_ONLY___ =
2018-09-05 02:14:17,572 INFO     ___FILE_ONLY___ =
2018-09-05 02:14:17,577 INFO     ___FILE_ONLY___ =
2018-09-05 02:14:17,584 INFO     ___FILE_ONLY___ =
2018-09-05 02:14:17,591 INFO     ___FILE_ONLY___ =
2018-09-05 02:14:17,602 INFO     ___FILE_ONLY___ =
2018-09-05 02:14:17,645 INFO     ___FILE_ONLY___ =
2018-09-05 02:14:17,846 INFO     ___FILE_ONLY___ =
2018-09-05 02:14:17,852 INFO     ___FILE_ONLY___ =
2018-09-05 02:14:17,857 INFO     ___FILE_ONLY___ =
2018-09-05 02:14:17,885 INFO     ___FILE_ONLY___ =
2018-09-05 02:14:17,924 INFO     ___FILE_ONLY___ =
2018-09-05 02:14:17,957 INFO     ___FILE_ONLY___ =
2018-09-05 02:14:18,079 INFO     ___FILE_ONLY___ =
2018-09-05 02:14:18,120 INFO     ___FILE_ONLY___ =
2018-09-05 02:14:18,162 INFO     ___FILE_ONLY___ =
2018-09-05 02:14:18,193 INFO     ___FILE_ONLY___ =
2018-09-05 02:14:18,233 INFO     ___FILE_ONLY___ =
2018-09-05 02:14:18,284 INFO     ___FILE_ONLY___ =
2018-09-05 02:14:18,880 INFO     ___FILE_ONLY___ =
2018-09-05 02:14:18,881 INFO     ___FILE_ONLY___ =
2018-09-05 02:14:18,882 INFO     ___FILE_ONLY___ =
2018-09-05 02:14:18,885 INFO     ___FILE_ONLY___ =
2018-09-05 02:14:18,887 INFO     ___FILE_ONLY___ =
2018-09-05 02:14:18,889 INFO     ___FILE_ONLY___ =
2018-09-05 02:14:18,891 INFO     ___FILE_ONLY___ =
2018-09-05 02:14:18,892 INFO     ___FILE_ONLY___ =
2018-09-05 02:14:18,893 INFO     ___FILE_ONLY___ =
2018-09-05 02:14:18,895 INFO     ___FILE_ONLY___ =
2018-09-05 02:14:18,897 INFO     ___FILE_ONLY___ =
2018-09-05 02:14:18,899 INFO     ___FILE_ONLY___ =
2018-09-05 02:14:18,901 INFO     ___FILE_ONLY___ =
2018-09-05 02:14:18,907 INFO     ___FILE_ONLY___ =
2018-09-05 02:14:18,908 INFO     ___FILE_ONLY___ =
2018-09-05 02:14:18,910 INFO     ___FILE_ONLY___ =
2018-09-05 02:14:18,911 INFO     ___FILE_ONLY___ =
2018-09-05 02:14:18,913 INFO     ___FILE_ONLY___ =
2018-09-05 02:14:18,916 INFO     ___FILE_ONLY___ =
2018-09-05 02:14:18,919 INFO     ___FILE_ONLY___ =
2018-09-05 02:14:18,923 INFO     ___FILE_ONLY___ =
2018-09-05 02:14:18,925 INFO     ___FILE_ONLY___ =
2018-09-05 02:14:18,926 INFO     ___FILE_ONLY___ =
2018-09-05 02:14:18,927 INFO     ___FILE_ONLY___ =
2018-09-05 02:14:19,443 INFO     ___FILE_ONLY___ =
2018-09-05 02:14:19,444 INFO     ___FILE_ONLY___ =
2018-09-05 02:14:19,452 INFO     ___FILE_ONLY___ =
2018-09-05 02:14:19,454 INFO     ___FILE_ONLY___ =
2018-09-05 02:14:19,457 INFO     ___FILE_ONLY___ =
2018-09-05 02:14:19,458 INFO     ___FILE_ONLY___ =
2018-09-05 02:14:19,458 INFO     ___FILE_ONLY___ #

2018-09-05 02:14:19,474 INFO     ___FILE_ONLY___ #= Creating backup and activating new installation          =#

2018-09-05 02:14:19,474 INFO     ___FILE_ONLY___ #
2018-09-05 02:14:19,475 DEBUG    root            Attempting to move directory [/home/dcuy/google-cloud-sdk] to [/home/dcuy/google-cloud-sdk.staging/.install/.backup]
2018-09-05 02:14:19,475 INFO     ___FILE_ONLY___ ==============================
2018-09-05 02:14:19,475 DEBUG    root            Attempting to move directory [/home/dcuy/google-cloud-sdk.staging] to [/home/dcuy/google-cloud-sdk]
2018-09-05 02:14:19,476 INFO     ___FILE_ONLY___ ==============================
2018-09-05 02:14:19,476 INFO     ___FILE_ONLY___ #

2018-09-05 02:14:19,484 DEBUG    root            Updating notification cache...
2018-09-05 02:14:19,485 INFO     ___FILE_ONLY___ 

2018-09-05 02:14:19,486 INFO     ___FILE_ONLY___ Performing post processing steps...
2018-09-05 02:14:19,487 DEBUG    root            Executing command: ['/usr/bin/python2', u'-S', u'/home/dcuy/google-cloud-sdk/lib/gcloud.py', u'components', u'post-process']
2018-09-05 02:14:42,438 DEBUG    ___FILE_ONLY___ 
2018-09-05 02:14:42,439 DEBUG    ___FILE_ONLY___ 
2018-09-05 02:14:42,567 INFO     ___FILE_ONLY___ 
Update done!


2018-09-05 02:14:42,567 INFO     ___FILE_ONLY___ To revert your SDK to the previously installed version, you may run:
  $ gcloud components update --version 190.0.1


2018-09-05 02:14:42,580 INFO     root            Display format "none".
2018-09-05 02:14:42,608 DEBUG    root            Metrics reporting process started...
