2018-09-05 02:20:14,234 DEBUG    root            Loaded Command Group: [u'gcloud', u'components']
2018-09-05 02:20:14,240 DEBUG    root            Loaded Command Group: [u'gcloud', u'components', u'update']
2018-09-05 02:20:14,249 DEBUG    root            Running [gcloud.components.update] with arguments: [--version: "190.0.1"]
2018-09-05 02:20:14,876 INFO     ___FILE_ONLY___ 

2018-09-05 02:20:14,877 INFO     ___FILE_ONLY___ 
Your current Cloud SDK version is: 214.0.0

2018-09-05 02:20:14,878 INFO     ___FILE_ONLY___ You will be upgraded to version: 190.0.1

2018-09-05 02:20:14,878 INFO     ___FILE_ONLY___ 

2018-09-05 02:20:14,909 INFO     ___FILE_ONLY___ +----------------------------------------------------------------------------+
2018-09-05 02:20:14,913 INFO     ___FILE_ONLY___ 

2018-09-05 02:20:14,914 INFO     ___FILE_ONLY___ |                     These components will be updated.                      |
2018-09-05 02:20:14,915 INFO     ___FILE_ONLY___ 

2018-09-05 02:20:14,916 INFO     ___FILE_ONLY___ +-----------------------------------------------------+------------+---------+
2018-09-05 02:20:14,917 INFO     ___FILE_ONLY___ 

2018-09-05 02:20:14,918 INFO     ___FILE_ONLY___ |                         Name                        |  Version   |   Size  |
2018-09-05 02:20:14,918 INFO     ___FILE_ONLY___ 

2018-09-05 02:20:14,919 INFO     ___FILE_ONLY___ +-----------------------------------------------------+------------+---------+
2018-09-05 02:20:14,920 INFO     ___FILE_ONLY___ 

2018-09-05 02:20:14,920 INFO     ___FILE_ONLY___ | 
2018-09-05 02:20:14,921 INFO     ___FILE_ONLY___ BigQuery Command Line Tool                         
2018-09-05 02:20:14,921 INFO     ___FILE_ONLY___  
2018-09-05 02:20:14,922 INFO     ___FILE_ONLY___ | 
2018-09-05 02:20:14,922 INFO     ___FILE_ONLY___     2.0.29
2018-09-05 02:20:14,923 INFO     ___FILE_ONLY___  
2018-09-05 02:20:14,923 INFO     ___FILE_ONLY___ | 
2018-09-05 02:20:14,924 INFO     ___FILE_ONLY___ < 1 MiB
2018-09-05 02:20:14,925 INFO     ___FILE_ONLY___  
2018-09-05 02:20:14,925 INFO     ___FILE_ONLY___ |
2018-09-05 02:20:14,926 INFO     ___FILE_ONLY___ 

2018-09-05 02:20:14,926 INFO     ___FILE_ONLY___ | 
2018-09-05 02:20:14,927 INFO     ___FILE_ONLY___ BigQuery Command Line Tool (Platform Specific)     
2018-09-05 02:20:14,927 INFO     ___FILE_ONLY___  
2018-09-05 02:20:14,928 INFO     ___FILE_ONLY___ | 
2018-09-05 02:20:14,928 INFO     ___FILE_ONLY___     2.0.26
2018-09-05 02:20:14,929 INFO     ___FILE_ONLY___  
2018-09-05 02:20:14,929 INFO     ___FILE_ONLY___ | 
2018-09-05 02:20:14,929 INFO     ___FILE_ONLY___ < 1 MiB
2018-09-05 02:20:14,930 INFO     ___FILE_ONLY___  
2018-09-05 02:20:14,930 INFO     ___FILE_ONLY___ |
2018-09-05 02:20:14,930 INFO     ___FILE_ONLY___ 

2018-09-05 02:20:14,930 INFO     ___FILE_ONLY___ | 
2018-09-05 02:20:14,931 INFO     ___FILE_ONLY___ Cloud SDK Core Libraries                           
2018-09-05 02:20:14,931 INFO     ___FILE_ONLY___  
2018-09-05 02:20:14,932 INFO     ___FILE_ONLY___ | 
2018-09-05 02:20:14,933 INFO     ___FILE_ONLY___ 2018.02.22
2018-09-05 02:20:14,933 INFO     ___FILE_ONLY___  
2018-09-05 02:20:14,934 INFO     ___FILE_ONLY___ | 
2018-09-05 02:20:14,934 INFO     ___FILE_ONLY___ 7.2 MiB
2018-09-05 02:20:14,935 INFO     ___FILE_ONLY___  
2018-09-05 02:20:14,935 INFO     ___FILE_ONLY___ |
2018-09-05 02:20:14,936 INFO     ___FILE_ONLY___ 

2018-09-05 02:20:14,936 INFO     ___FILE_ONLY___ | 
2018-09-05 02:20:14,936 INFO     ___FILE_ONLY___ Cloud SDK Core Libraries (Platform Specific)       
2018-09-05 02:20:14,937 INFO     ___FILE_ONLY___  
2018-09-05 02:20:14,937 INFO     ___FILE_ONLY___ | 
2018-09-05 02:20:14,938 INFO     ___FILE_ONLY___ 2017.09.15
2018-09-05 02:20:14,938 INFO     ___FILE_ONLY___  
2018-09-05 02:20:14,938 INFO     ___FILE_ONLY___ | 
2018-09-05 02:20:14,939 INFO     ___FILE_ONLY___ < 1 MiB
2018-09-05 02:20:14,939 INFO     ___FILE_ONLY___  
2018-09-05 02:20:14,939 INFO     ___FILE_ONLY___ |
2018-09-05 02:20:14,940 INFO     ___FILE_ONLY___ 

2018-09-05 02:20:14,940 INFO     ___FILE_ONLY___ | 
2018-09-05 02:20:14,940 INFO     ___FILE_ONLY___ Cloud Storage Command Line Tool                    
2018-09-05 02:20:14,941 INFO     ___FILE_ONLY___  
2018-09-05 02:20:14,941 INFO     ___FILE_ONLY___ | 
2018-09-05 02:20:14,941 INFO     ___FILE_ONLY___       4.28
2018-09-05 02:20:14,941 INFO     ___FILE_ONLY___  
2018-09-05 02:20:14,942 INFO     ___FILE_ONLY___ | 
2018-09-05 02:20:14,942 INFO     ___FILE_ONLY___ 3.3 MiB
2018-09-05 02:20:14,942 INFO     ___FILE_ONLY___  
2018-09-05 02:20:14,943 INFO     ___FILE_ONLY___ |
2018-09-05 02:20:14,943 INFO     ___FILE_ONLY___ 

2018-09-05 02:20:14,943 INFO     ___FILE_ONLY___ | 
2018-09-05 02:20:14,943 INFO     ___FILE_ONLY___ Cloud Storage Command Line Tool (Platform Specific)
2018-09-05 02:20:14,944 INFO     ___FILE_ONLY___  
2018-09-05 02:20:14,944 INFO     ___FILE_ONLY___ | 
2018-09-05 02:20:14,944 INFO     ___FILE_ONLY___       4.27
2018-09-05 02:20:14,945 INFO     ___FILE_ONLY___  
2018-09-05 02:20:14,945 INFO     ___FILE_ONLY___ | 
2018-09-05 02:20:14,945 INFO     ___FILE_ONLY___ < 1 MiB
2018-09-05 02:20:14,945 INFO     ___FILE_ONLY___  
2018-09-05 02:20:14,946 INFO     ___FILE_ONLY___ |
2018-09-05 02:20:14,946 INFO     ___FILE_ONLY___ 

2018-09-05 02:20:14,946 INFO     ___FILE_ONLY___ | 
2018-09-05 02:20:14,946 INFO     ___FILE_ONLY___ gcloud cli dependencies                            
2018-09-05 02:20:14,947 INFO     ___FILE_ONLY___  
2018-09-05 02:20:14,947 INFO     ___FILE_ONLY___ | 
2018-09-05 02:20:14,947 INFO     ___FILE_ONLY___ 2018.02.16
2018-09-05 02:20:14,948 INFO     ___FILE_ONLY___  
2018-09-05 02:20:14,948 INFO     ___FILE_ONLY___ | 
2018-09-05 02:20:14,948 INFO     ___FILE_ONLY___ 1.6 MiB
2018-09-05 02:20:14,948 INFO     ___FILE_ONLY___  
2018-09-05 02:20:14,949 INFO     ___FILE_ONLY___ |
2018-09-05 02:20:14,949 INFO     ___FILE_ONLY___ 

2018-09-05 02:20:14,949 INFO     ___FILE_ONLY___ | 
2018-09-05 02:20:14,950 INFO     ___FILE_ONLY___ gcloud cli dependencies                            
2018-09-05 02:20:14,950 INFO     ___FILE_ONLY___  
2018-09-05 02:20:14,950 INFO     ___FILE_ONLY___ | 
2018-09-05 02:20:14,951 INFO     ___FILE_ONLY___ 2017.10.20
2018-09-05 02:20:14,951 INFO     ___FILE_ONLY___  
2018-09-05 02:20:14,952 INFO     ___FILE_ONLY___ | 
2018-09-05 02:20:14,953 INFO     ___FILE_ONLY___ 5.1 MiB
2018-09-05 02:20:14,953 INFO     ___FILE_ONLY___  
2018-09-05 02:20:14,954 INFO     ___FILE_ONLY___ |
2018-09-05 02:20:14,954 INFO     ___FILE_ONLY___ 

2018-09-05 02:20:14,955 INFO     ___FILE_ONLY___ +-----------------------------------------------------+------------+---------+
2018-09-05 02:20:14,955 INFO     ___FILE_ONLY___ 

2018-09-05 02:20:14,958 INFO     ___FILE_ONLY___ 

2018-09-05 02:20:15,617 INFO     ___FILE_ONLY___ For the latest full release notes, please visit:
  https://cloud.google.com/sdk/release_notes


2018-09-05 02:20:16,972 INFO     ___FILE_ONLY___ #============================================================#

2018-09-05 02:20:16,972 INFO     ___FILE_ONLY___ #= Creating update staging area                             =#

2018-09-05 02:20:16,973 INFO     ___FILE_ONLY___ #
2018-09-05 02:20:16,974 INFO     ___FILE_ONLY___ ======
2018-09-05 02:20:17,804 INFO     ___FILE_ONLY___ ======
2018-09-05 02:20:17,804 INFO     ___FILE_ONLY___ ======
2018-09-05 02:20:18,250 INFO     ___FILE_ONLY___ =
2018-09-05 02:20:18,528 INFO     ___FILE_ONLY___ =
2018-09-05 02:20:18,674 INFO     ___FILE_ONLY___ =
2018-09-05 02:20:18,798 INFO     ___FILE_ONLY___ =
2018-09-05 02:20:18,900 INFO     ___FILE_ONLY___ =
2018-09-05 02:20:19,037 INFO     ___FILE_ONLY___ =
2018-09-05 02:20:19,234 INFO     ___FILE_ONLY___ =
2018-09-05 02:20:19,371 INFO     ___FILE_ONLY___ =
2018-09-05 02:20:19,473 INFO     ___FILE_ONLY___ =
2018-09-05 02:20:19,581 INFO     ___FILE_ONLY___ =
2018-09-05 02:20:19,719 INFO     ___FILE_ONLY___ =
2018-09-05 02:20:19,836 INFO     ___FILE_ONLY___ =
2018-09-05 02:20:19,928 INFO     ___FILE_ONLY___ =
2018-09-05 02:20:20,095 INFO     ___FILE_ONLY___ =
2018-09-05 02:20:20,233 INFO     ___FILE_ONLY___ =
2018-09-05 02:20:20,375 INFO     ___FILE_ONLY___ =
2018-09-05 02:20:20,509 INFO     ___FILE_ONLY___ =
2018-09-05 02:20:20,615 INFO     ___FILE_ONLY___ =
2018-09-05 02:20:20,771 INFO     ___FILE_ONLY___ =
2018-09-05 02:20:20,951 INFO     ___FILE_ONLY___ =
2018-09-05 02:20:21,079 INFO     ___FILE_ONLY___ =
2018-09-05 02:20:21,170 INFO     ___FILE_ONLY___ =
2018-09-05 02:20:21,310 INFO     ___FILE_ONLY___ =
2018-09-05 02:20:21,431 INFO     ___FILE_ONLY___ =
2018-09-05 02:20:21,508 INFO     ___FILE_ONLY___ =
2018-09-05 02:20:21,588 INFO     ___FILE_ONLY___ =
2018-09-05 02:20:21,729 INFO     ___FILE_ONLY___ =
2018-09-05 02:20:21,913 INFO     ___FILE_ONLY___ =
2018-09-05 02:20:22,113 INFO     ___FILE_ONLY___ =
2018-09-05 02:20:22,425 INFO     ___FILE_ONLY___ =
2018-09-05 02:20:22,731 INFO     ___FILE_ONLY___ =
2018-09-05 02:20:23,054 INFO     ___FILE_ONLY___ =
2018-09-05 02:20:23,204 INFO     ___FILE_ONLY___ =
2018-09-05 02:20:23,310 INFO     ___FILE_ONLY___ =
2018-09-05 02:20:23,452 INFO     ___FILE_ONLY___ =
2018-09-05 02:20:23,573 INFO     ___FILE_ONLY___ =
2018-09-05 02:20:23,702 INFO     ___FILE_ONLY___ =
2018-09-05 02:20:23,872 INFO     ___FILE_ONLY___ =
2018-09-05 02:20:24,020 INFO     ___FILE_ONLY___ =
2018-09-05 02:20:24,210 INFO     ___FILE_ONLY___ =
2018-09-05 02:20:24,336 INFO     ___FILE_ONLY___ =
2018-09-05 02:20:24,543 INFO     ___FILE_ONLY___ =
2018-09-05 02:20:24,544 INFO     ___FILE_ONLY___ #

2018-09-05 02:20:24,547 INFO     ___FILE_ONLY___ #= Uninstalling: BigQuery Command Line Tool                 =#

2018-09-05 02:20:24,547 INFO     ___FILE_ONLY___ #
2018-09-05 02:20:24,550 INFO     ___FILE_ONLY___ =
2018-09-05 02:20:24,551 INFO     ___FILE_ONLY___ =
2018-09-05 02:20:24,553 INFO     ___FILE_ONLY___ =
2018-09-05 02:20:24,555 INFO     ___FILE_ONLY___ =
2018-09-05 02:20:24,557 INFO     ___FILE_ONLY___ =
2018-09-05 02:20:24,558 INFO     ___FILE_ONLY___ =
2018-09-05 02:20:24,560 INFO     ___FILE_ONLY___ =
2018-09-05 02:20:24,562 INFO     ___FILE_ONLY___ =
2018-09-05 02:20:24,563 INFO     ___FILE_ONLY___ =
2018-09-05 02:20:24,565 INFO     ___FILE_ONLY___ =
2018-09-05 02:20:24,567 INFO     ___FILE_ONLY___ =
2018-09-05 02:20:24,568 INFO     ___FILE_ONLY___ =
2018-09-05 02:20:24,570 INFO     ___FILE_ONLY___ =
2018-09-05 02:20:24,571 INFO     ___FILE_ONLY___ =
2018-09-05 02:20:24,572 INFO     ___FILE_ONLY___ =
2018-09-05 02:20:24,573 INFO     ___FILE_ONLY___ =
2018-09-05 02:20:24,575 INFO     ___FILE_ONLY___ =
2018-09-05 02:20:24,576 INFO     ___FILE_ONLY___ =
2018-09-05 02:20:24,578 INFO     ___FILE_ONLY___ =
2018-09-05 02:20:24,579 INFO     ___FILE_ONLY___ =
2018-09-05 02:20:24,581 INFO     ___FILE_ONLY___ =
2018-09-05 02:20:24,583 INFO     ___FILE_ONLY___ =
2018-09-05 02:20:24,584 INFO     ___FILE_ONLY___ =
2018-09-05 02:20:24,586 INFO     ___FILE_ONLY___ =
2018-09-05 02:20:24,588 INFO     ___FILE_ONLY___ =
2018-09-05 02:20:24,590 INFO     ___FILE_ONLY___ =
2018-09-05 02:20:24,592 INFO     ___FILE_ONLY___ =
2018-09-05 02:20:24,593 INFO     ___FILE_ONLY___ =
2018-09-05 02:20:24,595 INFO     ___FILE_ONLY___ =
2018-09-05 02:20:24,597 INFO     ___FILE_ONLY___ =
2018-09-05 02:20:24,599 INFO     ___FILE_ONLY___ =
2018-09-05 02:20:24,601 INFO     ___FILE_ONLY___ =
2018-09-05 02:20:24,602 INFO     ___FILE_ONLY___ =
2018-09-05 02:20:24,604 INFO     ___FILE_ONLY___ =
2018-09-05 02:20:24,605 INFO     ___FILE_ONLY___ =
2018-09-05 02:20:24,606 INFO     ___FILE_ONLY___ =
2018-09-05 02:20:24,608 INFO     ___FILE_ONLY___ =
2018-09-05 02:20:24,609 INFO     ___FILE_ONLY___ =
2018-09-05 02:20:24,611 INFO     ___FILE_ONLY___ =
2018-09-05 02:20:24,613 INFO     ___FILE_ONLY___ =
2018-09-05 02:20:24,614 INFO     ___FILE_ONLY___ =
2018-09-05 02:20:24,616 INFO     ___FILE_ONLY___ =
2018-09-05 02:20:24,617 INFO     ___FILE_ONLY___ =
2018-09-05 02:20:24,619 INFO     ___FILE_ONLY___ =
2018-09-05 02:20:24,621 INFO     ___FILE_ONLY___ =
2018-09-05 02:20:24,623 INFO     ___FILE_ONLY___ =
2018-09-05 02:20:24,624 INFO     ___FILE_ONLY___ =
2018-09-05 02:20:24,626 INFO     ___FILE_ONLY___ =
2018-09-05 02:20:24,628 INFO     ___FILE_ONLY___ =
2018-09-05 02:20:24,629 INFO     ___FILE_ONLY___ =
2018-09-05 02:20:24,631 INFO     ___FILE_ONLY___ =
2018-09-05 02:20:24,633 INFO     ___FILE_ONLY___ =
2018-09-05 02:20:24,634 INFO     ___FILE_ONLY___ =
2018-09-05 02:20:24,635 INFO     ___FILE_ONLY___ =
2018-09-05 02:20:24,637 INFO     ___FILE_ONLY___ =
2018-09-05 02:20:24,638 INFO     ___FILE_ONLY___ =
2018-09-05 02:20:24,640 INFO     ___FILE_ONLY___ =
2018-09-05 02:20:24,641 INFO     ___FILE_ONLY___ =
2018-09-05 02:20:24,642 INFO     ___FILE_ONLY___ =
2018-09-05 02:20:24,644 INFO     ___FILE_ONLY___ =
2018-09-05 02:20:24,644 INFO     ___FILE_ONLY___ #

2018-09-05 02:20:24,650 INFO     ___FILE_ONLY___ #= Uninstalling: BigQuery Command Line Tool (Platform Sp... =#

2018-09-05 02:20:24,651 INFO     ___FILE_ONLY___ #
2018-09-05 02:20:24,652 INFO     ___FILE_ONLY___ ============================================================
2018-09-05 02:20:24,653 INFO     ___FILE_ONLY___ #

2018-09-05 02:20:24,654 INFO     ___FILE_ONLY___ #= Uninstalling: Cloud SDK Core Libraries                   =#

2018-09-05 02:20:24,655 INFO     ___FILE_ONLY___ #
2018-09-05 02:20:24,682 INFO     ___FILE_ONLY___ =
2018-09-05 02:20:24,701 INFO     ___FILE_ONLY___ =
2018-09-05 02:20:24,721 INFO     ___FILE_ONLY___ =
2018-09-05 02:20:24,736 INFO     ___FILE_ONLY___ =
2018-09-05 02:20:24,754 INFO     ___FILE_ONLY___ =
2018-09-05 02:20:24,773 INFO     ___FILE_ONLY___ =
2018-09-05 02:20:24,792 INFO     ___FILE_ONLY___ =
2018-09-05 02:20:24,811 INFO     ___FILE_ONLY___ =
2018-09-05 02:20:24,830 INFO     ___FILE_ONLY___ =
2018-09-05 02:20:24,849 INFO     ___FILE_ONLY___ =
2018-09-05 02:20:24,867 INFO     ___FILE_ONLY___ =
2018-09-05 02:20:24,886 INFO     ___FILE_ONLY___ =
2018-09-05 02:20:24,903 INFO     ___FILE_ONLY___ =
2018-09-05 02:20:24,922 INFO     ___FILE_ONLY___ =
2018-09-05 02:20:24,939 INFO     ___FILE_ONLY___ =
2018-09-05 02:20:24,956 INFO     ___FILE_ONLY___ =
2018-09-05 02:20:24,975 INFO     ___FILE_ONLY___ =
2018-09-05 02:20:24,993 INFO     ___FILE_ONLY___ =
2018-09-05 02:20:25,011 INFO     ___FILE_ONLY___ =
2018-09-05 02:20:25,036 INFO     ___FILE_ONLY___ =
2018-09-05 02:20:25,054 INFO     ___FILE_ONLY___ =
2018-09-05 02:20:25,073 INFO     ___FILE_ONLY___ =
2018-09-05 02:20:25,092 INFO     ___FILE_ONLY___ =
2018-09-05 02:20:25,110 INFO     ___FILE_ONLY___ =
2018-09-05 02:20:25,129 INFO     ___FILE_ONLY___ =
2018-09-05 02:20:25,147 INFO     ___FILE_ONLY___ =
2018-09-05 02:20:25,161 INFO     ___FILE_ONLY___ =
2018-09-05 02:20:25,177 INFO     ___FILE_ONLY___ =
2018-09-05 02:20:25,193 INFO     ___FILE_ONLY___ =
2018-09-05 02:20:25,208 INFO     ___FILE_ONLY___ =
2018-09-05 02:20:25,224 INFO     ___FILE_ONLY___ =
2018-09-05 02:20:25,242 INFO     ___FILE_ONLY___ =
2018-09-05 02:20:25,257 INFO     ___FILE_ONLY___ =
2018-09-05 02:20:25,273 INFO     ___FILE_ONLY___ =
2018-09-05 02:20:25,290 INFO     ___FILE_ONLY___ =
2018-09-05 02:20:25,306 INFO     ___FILE_ONLY___ =
2018-09-05 02:20:25,321 INFO     ___FILE_ONLY___ =
2018-09-05 02:20:25,339 INFO     ___FILE_ONLY___ =
2018-09-05 02:20:25,355 INFO     ___FILE_ONLY___ =
2018-09-05 02:20:25,371 INFO     ___FILE_ONLY___ =
2018-09-05 02:20:25,385 INFO     ___FILE_ONLY___ =
2018-09-05 02:20:25,401 INFO     ___FILE_ONLY___ =
2018-09-05 02:20:25,417 INFO     ___FILE_ONLY___ =
2018-09-05 02:20:25,433 INFO     ___FILE_ONLY___ =
2018-09-05 02:20:25,448 INFO     ___FILE_ONLY___ =
2018-09-05 02:20:25,463 INFO     ___FILE_ONLY___ =
2018-09-05 02:20:25,477 INFO     ___FILE_ONLY___ =
2018-09-05 02:20:25,490 INFO     ___FILE_ONLY___ =
2018-09-05 02:20:25,505 INFO     ___FILE_ONLY___ =
2018-09-05 02:20:25,526 INFO     ___FILE_ONLY___ =
2018-09-05 02:20:25,543 INFO     ___FILE_ONLY___ =
2018-09-05 02:20:25,560 INFO     ___FILE_ONLY___ =
2018-09-05 02:20:25,575 INFO     ___FILE_ONLY___ =
2018-09-05 02:20:25,592 INFO     ___FILE_ONLY___ =
2018-09-05 02:20:25,609 INFO     ___FILE_ONLY___ =
2018-09-05 02:20:25,626 INFO     ___FILE_ONLY___ =
2018-09-05 02:20:25,643 INFO     ___FILE_ONLY___ =
2018-09-05 02:20:25,659 INFO     ___FILE_ONLY___ =
2018-09-05 02:20:25,673 INFO     ___FILE_ONLY___ =
2018-09-05 02:20:25,688 INFO     ___FILE_ONLY___ =
2018-09-05 02:20:25,689 INFO     ___FILE_ONLY___ #

2018-09-05 02:20:25,819 INFO     ___FILE_ONLY___ #= Uninstalling: Cloud SDK Core Libraries (Platform Spec... =#

2018-09-05 02:20:25,820 INFO     ___FILE_ONLY___ #
2018-09-05 02:20:25,821 INFO     ___FILE_ONLY___ ==============================
2018-09-05 02:20:25,822 INFO     ___FILE_ONLY___ ==============================
2018-09-05 02:20:25,822 INFO     ___FILE_ONLY___ #

2018-09-05 02:20:25,823 INFO     ___FILE_ONLY___ #= Uninstalling: Cloud Storage Command Line Tool            =#

2018-09-05 02:20:25,824 INFO     ___FILE_ONLY___ #
2018-09-05 02:20:25,836 INFO     ___FILE_ONLY___ =
2018-09-05 02:20:25,845 INFO     ___FILE_ONLY___ =
2018-09-05 02:20:25,854 INFO     ___FILE_ONLY___ =
2018-09-05 02:20:25,862 INFO     ___FILE_ONLY___ =
2018-09-05 02:20:25,871 INFO     ___FILE_ONLY___ =
2018-09-05 02:20:25,879 INFO     ___FILE_ONLY___ =
2018-09-05 02:20:25,888 INFO     ___FILE_ONLY___ =
2018-09-05 02:20:25,897 INFO     ___FILE_ONLY___ =
2018-09-05 02:20:25,907 INFO     ___FILE_ONLY___ =
2018-09-05 02:20:25,916 INFO     ___FILE_ONLY___ =
2018-09-05 02:20:25,926 INFO     ___FILE_ONLY___ =
2018-09-05 02:20:25,933 INFO     ___FILE_ONLY___ =
2018-09-05 02:20:25,940 INFO     ___FILE_ONLY___ =
2018-09-05 02:20:25,950 INFO     ___FILE_ONLY___ =
2018-09-05 02:20:25,960 INFO     ___FILE_ONLY___ =
2018-09-05 02:20:25,969 INFO     ___FILE_ONLY___ =
2018-09-05 02:20:25,979 INFO     ___FILE_ONLY___ =
2018-09-05 02:20:25,989 INFO     ___FILE_ONLY___ =
2018-09-05 02:20:26,000 INFO     ___FILE_ONLY___ =
2018-09-05 02:20:26,011 INFO     ___FILE_ONLY___ =
2018-09-05 02:20:26,021 INFO     ___FILE_ONLY___ =
2018-09-05 02:20:26,033 INFO     ___FILE_ONLY___ =
2018-09-05 02:20:26,044 INFO     ___FILE_ONLY___ =
2018-09-05 02:20:26,055 INFO     ___FILE_ONLY___ =
2018-09-05 02:20:26,064 INFO     ___FILE_ONLY___ =
2018-09-05 02:20:26,075 INFO     ___FILE_ONLY___ =
2018-09-05 02:20:26,086 INFO     ___FILE_ONLY___ =
2018-09-05 02:20:26,098 INFO     ___FILE_ONLY___ =
2018-09-05 02:20:26,110 INFO     ___FILE_ONLY___ =
2018-09-05 02:20:26,120 INFO     ___FILE_ONLY___ =
2018-09-05 02:20:26,129 INFO     ___FILE_ONLY___ =
2018-09-05 02:20:26,140 INFO     ___FILE_ONLY___ =
2018-09-05 02:20:26,150 INFO     ___FILE_ONLY___ =
2018-09-05 02:20:26,161 INFO     ___FILE_ONLY___ =
2018-09-05 02:20:26,172 INFO     ___FILE_ONLY___ =
2018-09-05 02:20:26,182 INFO     ___FILE_ONLY___ =
2018-09-05 02:20:26,190 INFO     ___FILE_ONLY___ =
2018-09-05 02:20:26,199 INFO     ___FILE_ONLY___ =
2018-09-05 02:20:26,207 INFO     ___FILE_ONLY___ =
2018-09-05 02:20:26,215 INFO     ___FILE_ONLY___ =
2018-09-05 02:20:26,224 INFO     ___FILE_ONLY___ =
2018-09-05 02:20:26,232 INFO     ___FILE_ONLY___ =
2018-09-05 02:20:26,241 INFO     ___FILE_ONLY___ =
2018-09-05 02:20:26,248 INFO     ___FILE_ONLY___ =
2018-09-05 02:20:26,256 INFO     ___FILE_ONLY___ =
2018-09-05 02:20:26,267 INFO     ___FILE_ONLY___ =
2018-09-05 02:20:26,276 INFO     ___FILE_ONLY___ =
2018-09-05 02:20:26,285 INFO     ___FILE_ONLY___ =
2018-09-05 02:20:26,295 INFO     ___FILE_ONLY___ =
2018-09-05 02:20:26,304 INFO     ___FILE_ONLY___ =
2018-09-05 02:20:26,313 INFO     ___FILE_ONLY___ =
2018-09-05 02:20:26,321 INFO     ___FILE_ONLY___ =
2018-09-05 02:20:26,329 INFO     ___FILE_ONLY___ =
2018-09-05 02:20:26,338 INFO     ___FILE_ONLY___ =
2018-09-05 02:20:26,349 INFO     ___FILE_ONLY___ =
2018-09-05 02:20:26,357 INFO     ___FILE_ONLY___ =
2018-09-05 02:20:26,366 INFO     ___FILE_ONLY___ =
2018-09-05 02:20:26,373 INFO     ___FILE_ONLY___ =
2018-09-05 02:20:26,382 INFO     ___FILE_ONLY___ =
2018-09-05 02:20:26,389 INFO     ___FILE_ONLY___ =
2018-09-05 02:20:26,390 INFO     ___FILE_ONLY___ #

2018-09-05 02:20:26,445 INFO     ___FILE_ONLY___ #= Uninstalling: Cloud Storage Command Line Tool (Platfo... =#

2018-09-05 02:20:26,445 INFO     ___FILE_ONLY___ #
2018-09-05 02:20:26,447 INFO     ___FILE_ONLY___ ============================================================
2018-09-05 02:20:26,447 INFO     ___FILE_ONLY___ #

2018-09-05 02:20:26,449 INFO     ___FILE_ONLY___ #= Uninstalling: gcloud cli dependencies                    =#

2018-09-05 02:20:26,450 INFO     ___FILE_ONLY___ #
2018-09-05 02:20:26,451 INFO     ___FILE_ONLY___ =
2018-09-05 02:20:26,451 INFO     ___FILE_ONLY___ =
2018-09-05 02:20:26,452 INFO     ___FILE_ONLY___ ==
2018-09-05 02:20:26,453 INFO     ___FILE_ONLY___ =
2018-09-05 02:20:26,453 INFO     ___FILE_ONLY___ ==
2018-09-05 02:20:26,454 INFO     ___FILE_ONLY___ =
2018-09-05 02:20:26,455 INFO     ___FILE_ONLY___ ==
2018-09-05 02:20:26,455 INFO     ___FILE_ONLY___ =
2018-09-05 02:20:26,472 INFO     ___FILE_ONLY___ =
2018-09-05 02:20:26,506 INFO     ___FILE_ONLY___ ==
2018-09-05 02:20:26,507 INFO     ___FILE_ONLY___ =
2018-09-05 02:20:26,508 INFO     ___FILE_ONLY___ ==
2018-09-05 02:20:26,509 INFO     ___FILE_ONLY___ =
2018-09-05 02:20:26,510 INFO     ___FILE_ONLY___ ==
2018-09-05 02:20:26,511 INFO     ___FILE_ONLY___ =
2018-09-05 02:20:26,512 INFO     ___FILE_ONLY___ =
2018-09-05 02:20:26,513 INFO     ___FILE_ONLY___ ==
2018-09-05 02:20:26,514 INFO     ___FILE_ONLY___ =
2018-09-05 02:20:26,515 INFO     ___FILE_ONLY___ ==
2018-09-05 02:20:26,516 INFO     ___FILE_ONLY___ =
2018-09-05 02:20:26,516 INFO     ___FILE_ONLY___ ==
2018-09-05 02:20:26,517 INFO     ___FILE_ONLY___ =
2018-09-05 02:20:26,518 INFO     ___FILE_ONLY___ =
2018-09-05 02:20:26,519 INFO     ___FILE_ONLY___ ==
2018-09-05 02:20:26,520 INFO     ___FILE_ONLY___ =
2018-09-05 02:20:26,522 INFO     ___FILE_ONLY___ ==
2018-09-05 02:20:26,523 INFO     ___FILE_ONLY___ =
2018-09-05 02:20:26,524 INFO     ___FILE_ONLY___ ==
2018-09-05 02:20:26,525 INFO     ___FILE_ONLY___ =
2018-09-05 02:20:26,526 INFO     ___FILE_ONLY___ =
2018-09-05 02:20:26,527 INFO     ___FILE_ONLY___ ==
2018-09-05 02:20:26,528 INFO     ___FILE_ONLY___ =
2018-09-05 02:20:26,529 INFO     ___FILE_ONLY___ ==
2018-09-05 02:20:26,530 INFO     ___FILE_ONLY___ =
2018-09-05 02:20:26,531 INFO     ___FILE_ONLY___ ==
2018-09-05 02:20:26,532 INFO     ___FILE_ONLY___ =
2018-09-05 02:20:26,533 INFO     ___FILE_ONLY___ =
2018-09-05 02:20:26,534 INFO     ___FILE_ONLY___ ==
2018-09-05 02:20:26,535 INFO     ___FILE_ONLY___ =
2018-09-05 02:20:26,536 INFO     ___FILE_ONLY___ ==
2018-09-05 02:20:26,537 INFO     ___FILE_ONLY___ =
2018-09-05 02:20:26,538 INFO     ___FILE_ONLY___ ==
2018-09-05 02:20:26,538 INFO     ___FILE_ONLY___ #

2018-09-05 02:20:26,542 INFO     ___FILE_ONLY___ #= Uninstalling: gcloud cli dependencies                    =#

2018-09-05 02:20:26,542 INFO     ___FILE_ONLY___ #
2018-09-05 02:20:26,549 INFO     ___FILE_ONLY___ =
2018-09-05 02:20:26,554 INFO     ___FILE_ONLY___ =
2018-09-05 02:20:26,559 INFO     ___FILE_ONLY___ =
2018-09-05 02:20:26,563 INFO     ___FILE_ONLY___ =
2018-09-05 02:20:26,568 INFO     ___FILE_ONLY___ =
2018-09-05 02:20:26,573 INFO     ___FILE_ONLY___ =
2018-09-05 02:20:26,577 INFO     ___FILE_ONLY___ =
2018-09-05 02:20:26,581 INFO     ___FILE_ONLY___ =
2018-09-05 02:20:26,586 INFO     ___FILE_ONLY___ =
2018-09-05 02:20:26,591 INFO     ___FILE_ONLY___ =
2018-09-05 02:20:26,597 INFO     ___FILE_ONLY___ =
2018-09-05 02:20:26,602 INFO     ___FILE_ONLY___ =
2018-09-05 02:20:26,607 INFO     ___FILE_ONLY___ =
2018-09-05 02:20:26,611 INFO     ___FILE_ONLY___ =
2018-09-05 02:20:26,615 INFO     ___FILE_ONLY___ =
2018-09-05 02:20:26,620 INFO     ___FILE_ONLY___ =
2018-09-05 02:20:26,624 INFO     ___FILE_ONLY___ =
2018-09-05 02:20:26,628 INFO     ___FILE_ONLY___ =
2018-09-05 02:20:26,631 INFO     ___FILE_ONLY___ =
2018-09-05 02:20:26,635 INFO     ___FILE_ONLY___ =
2018-09-05 02:20:26,640 INFO     ___FILE_ONLY___ =
2018-09-05 02:20:26,645 INFO     ___FILE_ONLY___ =
2018-09-05 02:20:26,649 INFO     ___FILE_ONLY___ =
2018-09-05 02:20:26,653 INFO     ___FILE_ONLY___ =
2018-09-05 02:20:26,658 INFO     ___FILE_ONLY___ =
2018-09-05 02:20:26,662 INFO     ___FILE_ONLY___ =
2018-09-05 02:20:26,666 INFO     ___FILE_ONLY___ =
2018-09-05 02:20:26,670 INFO     ___FILE_ONLY___ =
2018-09-05 02:20:26,675 INFO     ___FILE_ONLY___ =
2018-09-05 02:20:26,679 INFO     ___FILE_ONLY___ =
2018-09-05 02:20:26,683 INFO     ___FILE_ONLY___ =
2018-09-05 02:20:26,687 INFO     ___FILE_ONLY___ =
2018-09-05 02:20:26,692 INFO     ___FILE_ONLY___ =
2018-09-05 02:20:26,696 INFO     ___FILE_ONLY___ =
2018-09-05 02:20:26,701 INFO     ___FILE_ONLY___ =
2018-09-05 02:20:26,706 INFO     ___FILE_ONLY___ =
2018-09-05 02:20:26,711 INFO     ___FILE_ONLY___ =
2018-09-05 02:20:26,716 INFO     ___FILE_ONLY___ =
2018-09-05 02:20:26,720 INFO     ___FILE_ONLY___ =
2018-09-05 02:20:26,725 INFO     ___FILE_ONLY___ =
2018-09-05 02:20:26,729 INFO     ___FILE_ONLY___ =
2018-09-05 02:20:26,734 INFO     ___FILE_ONLY___ =
2018-09-05 02:20:26,738 INFO     ___FILE_ONLY___ =
2018-09-05 02:20:26,742 INFO     ___FILE_ONLY___ =
2018-09-05 02:20:26,746 INFO     ___FILE_ONLY___ =
2018-09-05 02:20:26,750 INFO     ___FILE_ONLY___ =
2018-09-05 02:20:26,754 INFO     ___FILE_ONLY___ =
2018-09-05 02:20:26,758 INFO     ___FILE_ONLY___ =
2018-09-05 02:20:26,762 INFO     ___FILE_ONLY___ =
2018-09-05 02:20:26,765 INFO     ___FILE_ONLY___ =
2018-09-05 02:20:26,769 INFO     ___FILE_ONLY___ =
2018-09-05 02:20:26,773 INFO     ___FILE_ONLY___ =
2018-09-05 02:20:26,778 INFO     ___FILE_ONLY___ =
2018-09-05 02:20:26,782 INFO     ___FILE_ONLY___ =
2018-09-05 02:20:26,786 INFO     ___FILE_ONLY___ =
2018-09-05 02:20:26,790 INFO     ___FILE_ONLY___ =
2018-09-05 02:20:26,794 INFO     ___FILE_ONLY___ =
2018-09-05 02:20:26,797 INFO     ___FILE_ONLY___ =
2018-09-05 02:20:26,801 INFO     ___FILE_ONLY___ =
2018-09-05 02:20:26,804 INFO     ___FILE_ONLY___ =
2018-09-05 02:20:26,805 INFO     ___FILE_ONLY___ #

2018-09-05 02:20:26,819 INFO     ___FILE_ONLY___ #= Installing: BigQuery Command Line Tool                   =#

2018-09-05 02:20:26,819 INFO     ___FILE_ONLY___ #
2018-09-05 02:20:27,353 INFO     ___FILE_ONLY___ =
2018-09-05 02:20:27,392 INFO     ___FILE_ONLY___ =
2018-09-05 02:20:27,409 INFO     ___FILE_ONLY___ =
2018-09-05 02:20:27,418 INFO     ___FILE_ONLY___ =
2018-09-05 02:20:27,435 INFO     ___FILE_ONLY___ =
2018-09-05 02:20:27,454 INFO     ___FILE_ONLY___ =
2018-09-05 02:20:27,472 INFO     ___FILE_ONLY___ =
2018-09-05 02:20:27,482 INFO     ___FILE_ONLY___ =
2018-09-05 02:20:27,488 INFO     ___FILE_ONLY___ =
2018-09-05 02:20:27,495 INFO     ___FILE_ONLY___ =
2018-09-05 02:20:27,498 INFO     ___FILE_ONLY___ =
2018-09-05 02:20:27,503 INFO     ___FILE_ONLY___ =
2018-09-05 02:20:27,515 INFO     ___FILE_ONLY___ =
2018-09-05 02:20:27,521 INFO     ___FILE_ONLY___ =
2018-09-05 02:20:27,524 INFO     ___FILE_ONLY___ =
2018-09-05 02:20:27,529 INFO     ___FILE_ONLY___ =
2018-09-05 02:20:27,535 INFO     ___FILE_ONLY___ =
2018-09-05 02:20:27,538 INFO     ___FILE_ONLY___ =
2018-09-05 02:20:27,546 INFO     ___FILE_ONLY___ =
2018-09-05 02:20:27,551 INFO     ___FILE_ONLY___ =
2018-09-05 02:20:27,553 INFO     ___FILE_ONLY___ =
2018-09-05 02:20:27,557 INFO     ___FILE_ONLY___ =
2018-09-05 02:20:27,564 INFO     ___FILE_ONLY___ =
2018-09-05 02:20:27,565 INFO     ___FILE_ONLY___ =
2018-09-05 02:20:27,574 INFO     ___FILE_ONLY___ =
2018-09-05 02:20:27,576 INFO     ___FILE_ONLY___ =
2018-09-05 02:20:27,577 INFO     ___FILE_ONLY___ =
2018-09-05 02:20:27,581 INFO     ___FILE_ONLY___ =
2018-09-05 02:20:27,583 INFO     ___FILE_ONLY___ =
2018-09-05 02:20:27,586 INFO     ___FILE_ONLY___ =
2018-09-05 02:20:27,677 INFO     ___FILE_ONLY___ =
2018-09-05 02:20:27,684 INFO     ___FILE_ONLY___ =
2018-09-05 02:20:27,689 INFO     ___FILE_ONLY___ =
2018-09-05 02:20:27,693 INFO     ___FILE_ONLY___ =
2018-09-05 02:20:27,698 INFO     ___FILE_ONLY___ =
2018-09-05 02:20:27,701 INFO     ___FILE_ONLY___ =
2018-09-05 02:20:27,707 INFO     ___FILE_ONLY___ =
2018-09-05 02:20:27,712 INFO     ___FILE_ONLY___ =
2018-09-05 02:20:27,716 INFO     ___FILE_ONLY___ =
2018-09-05 02:20:27,720 INFO     ___FILE_ONLY___ =
2018-09-05 02:20:27,725 INFO     ___FILE_ONLY___ =
2018-09-05 02:20:27,729 INFO     ___FILE_ONLY___ =
2018-09-05 02:20:27,732 INFO     ___FILE_ONLY___ =
2018-09-05 02:20:27,736 INFO     ___FILE_ONLY___ =
2018-09-05 02:20:27,739 INFO     ___FILE_ONLY___ =
2018-09-05 02:20:27,744 INFO     ___FILE_ONLY___ =
2018-09-05 02:20:27,749 INFO     ___FILE_ONLY___ =
2018-09-05 02:20:27,757 INFO     ___FILE_ONLY___ =
2018-09-05 02:20:27,762 INFO     ___FILE_ONLY___ =
2018-09-05 02:20:27,766 INFO     ___FILE_ONLY___ =
2018-09-05 02:20:27,771 INFO     ___FILE_ONLY___ =
2018-09-05 02:20:27,780 INFO     ___FILE_ONLY___ =
2018-09-05 02:20:27,786 INFO     ___FILE_ONLY___ =
2018-09-05 02:20:27,793 INFO     ___FILE_ONLY___ =
2018-09-05 02:20:27,799 INFO     ___FILE_ONLY___ =
2018-09-05 02:20:27,807 INFO     ___FILE_ONLY___ =
2018-09-05 02:20:27,812 INFO     ___FILE_ONLY___ =
2018-09-05 02:20:27,816 INFO     ___FILE_ONLY___ =
2018-09-05 02:20:27,822 INFO     ___FILE_ONLY___ =
2018-09-05 02:20:27,832 INFO     ___FILE_ONLY___ =
2018-09-05 02:20:27,833 INFO     ___FILE_ONLY___ #

2018-09-05 02:20:27,852 INFO     ___FILE_ONLY___ #= Installing: BigQuery Command Line Tool (Platform Spec... =#

2018-09-05 02:20:27,853 INFO     ___FILE_ONLY___ #
2018-09-05 02:20:28,240 INFO     ___FILE_ONLY___ ==============================
2018-09-05 02:20:28,242 INFO     ___FILE_ONLY___ ===============
2018-09-05 02:20:28,245 INFO     ___FILE_ONLY___ ===============
2018-09-05 02:20:28,246 INFO     ___FILE_ONLY___ #

2018-09-05 02:20:28,257 INFO     ___FILE_ONLY___ #= Installing: Cloud SDK Core Libraries                     =#

2018-09-05 02:20:28,258 INFO     ___FILE_ONLY___ #
2018-09-05 02:20:29,098 INFO     ___FILE_ONLY___ =
2018-09-05 02:20:29,189 INFO     ___FILE_ONLY___ =
2018-09-05 02:20:29,250 INFO     ___FILE_ONLY___ =
2018-09-05 02:20:29,329 INFO     ___FILE_ONLY___ =
2018-09-05 02:20:29,499 INFO     ___FILE_ONLY___ =
2018-09-05 02:20:29,504 INFO     ___FILE_ONLY___ =
2018-09-05 02:20:29,514 INFO     ___FILE_ONLY___ =
2018-09-05 02:20:29,679 INFO     ___FILE_ONLY___ =
2018-09-05 02:20:29,683 INFO     ___FILE_ONLY___ =
2018-09-05 02:20:29,742 INFO     ___FILE_ONLY___ =
2018-09-05 02:20:29,747 INFO     ___FILE_ONLY___ =
2018-09-05 02:20:29,811 INFO     ___FILE_ONLY___ =
2018-09-05 02:20:29,815 INFO     ___FILE_ONLY___ =
2018-09-05 02:20:29,844 INFO     ___FILE_ONLY___ =
2018-09-05 02:20:29,888 INFO     ___FILE_ONLY___ =
2018-09-05 02:20:29,919 INFO     ___FILE_ONLY___ =
2018-09-05 02:20:29,957 INFO     ___FILE_ONLY___ =
2018-09-05 02:20:30,175 INFO     ___FILE_ONLY___ =
2018-09-05 02:20:30,180 INFO     ___FILE_ONLY___ =
2018-09-05 02:20:30,185 INFO     ___FILE_ONLY___ =
2018-09-05 02:20:30,189 INFO     ___FILE_ONLY___ =
2018-09-05 02:20:30,193 INFO     ___FILE_ONLY___ =
2018-09-05 02:20:30,201 INFO     ___FILE_ONLY___ =
2018-09-05 02:20:30,289 INFO     ___FILE_ONLY___ =
2018-09-05 02:20:30,317 INFO     ___FILE_ONLY___ =
2018-09-05 02:20:30,352 INFO     ___FILE_ONLY___ =
2018-09-05 02:20:30,392 INFO     ___FILE_ONLY___ =
2018-09-05 02:20:30,530 INFO     ___FILE_ONLY___ =
2018-09-05 02:20:30,536 INFO     ___FILE_ONLY___ =
2018-09-05 02:20:30,542 INFO     ___FILE_ONLY___ =
2018-09-05 02:20:32,065 INFO     ___FILE_ONLY___ =
2018-09-05 02:20:32,270 INFO     ___FILE_ONLY___ =
2018-09-05 02:20:32,321 INFO     ___FILE_ONLY___ =
2018-09-05 02:20:32,376 INFO     ___FILE_ONLY___ =
2018-09-05 02:20:32,426 INFO     ___FILE_ONLY___ =
2018-09-05 02:20:32,473 INFO     ___FILE_ONLY___ =
2018-09-05 02:20:32,525 INFO     ___FILE_ONLY___ =
2018-09-05 02:20:32,579 INFO     ___FILE_ONLY___ =
2018-09-05 02:20:32,635 INFO     ___FILE_ONLY___ =
2018-09-05 02:20:32,691 INFO     ___FILE_ONLY___ =
2018-09-05 02:20:32,748 INFO     ___FILE_ONLY___ =
2018-09-05 02:20:32,821 INFO     ___FILE_ONLY___ =
2018-09-05 02:20:32,872 INFO     ___FILE_ONLY___ =
2018-09-05 02:20:32,923 INFO     ___FILE_ONLY___ =
2018-09-05 02:20:33,015 INFO     ___FILE_ONLY___ =
2018-09-05 02:20:33,110 INFO     ___FILE_ONLY___ =
2018-09-05 02:20:33,332 INFO     ___FILE_ONLY___ =
2018-09-05 02:20:33,437 INFO     ___FILE_ONLY___ =
2018-09-05 02:20:33,514 INFO     ___FILE_ONLY___ =
2018-09-05 02:20:33,574 INFO     ___FILE_ONLY___ =
2018-09-05 02:20:33,627 INFO     ___FILE_ONLY___ =
2018-09-05 02:20:33,675 INFO     ___FILE_ONLY___ =
2018-09-05 02:20:33,740 INFO     ___FILE_ONLY___ =
2018-09-05 02:20:33,804 INFO     ___FILE_ONLY___ =
2018-09-05 02:20:33,865 INFO     ___FILE_ONLY___ =
2018-09-05 02:20:33,925 INFO     ___FILE_ONLY___ =
2018-09-05 02:20:34,010 INFO     ___FILE_ONLY___ =
2018-09-05 02:20:34,071 INFO     ___FILE_ONLY___ =
2018-09-05 02:20:34,131 INFO     ___FILE_ONLY___ =
2018-09-05 02:20:34,194 INFO     ___FILE_ONLY___ =
2018-09-05 02:20:34,195 INFO     ___FILE_ONLY___ #

2018-09-05 02:20:34,391 INFO     ___FILE_ONLY___ #= Installing: Cloud SDK Core Libraries (Platform Specific) =#

2018-09-05 02:20:34,392 INFO     ___FILE_ONLY___ #
2018-09-05 02:20:34,774 INFO     ___FILE_ONLY___ ==============================
2018-09-05 02:20:34,777 INFO     ___FILE_ONLY___ ==========
2018-09-05 02:20:34,779 INFO     ___FILE_ONLY___ =========
2018-09-05 02:20:34,781 INFO     ___FILE_ONLY___ ===========
2018-09-05 02:20:34,781 INFO     ___FILE_ONLY___ #

2018-09-05 02:20:34,791 INFO     ___FILE_ONLY___ #= Installing: Cloud Storage Command Line Tool              =#

2018-09-05 02:20:34,792 INFO     ___FILE_ONLY___ #
2018-09-05 02:20:35,591 INFO     ___FILE_ONLY___ =
2018-09-05 02:20:35,698 INFO     ___FILE_ONLY___ =
2018-09-05 02:20:35,706 INFO     ___FILE_ONLY___ =
2018-09-05 02:20:35,777 INFO     ___FILE_ONLY___ =
2018-09-05 02:20:35,795 INFO     ___FILE_ONLY___ =
2018-09-05 02:20:35,833 INFO     ___FILE_ONLY___ =
2018-09-05 02:20:35,850 INFO     ___FILE_ONLY___ =
2018-09-05 02:20:35,869 INFO     ___FILE_ONLY___ =
2018-09-05 02:20:35,891 INFO     ___FILE_ONLY___ =
2018-09-05 02:20:35,900 INFO     ___FILE_ONLY___ =
2018-09-05 02:20:35,936 INFO     ___FILE_ONLY___ =
2018-09-05 02:20:35,963 INFO     ___FILE_ONLY___ =
2018-09-05 02:20:36,105 INFO     ___FILE_ONLY___ =
2018-09-05 02:20:36,109 INFO     ___FILE_ONLY___ =
2018-09-05 02:20:36,113 INFO     ___FILE_ONLY___ =
2018-09-05 02:20:36,115 INFO     ___FILE_ONLY___ =
2018-09-05 02:20:36,118 INFO     ___FILE_ONLY___ =
2018-09-05 02:20:36,120 INFO     ___FILE_ONLY___ =
2018-09-05 02:20:36,123 INFO     ___FILE_ONLY___ =
2018-09-05 02:20:36,125 INFO     ___FILE_ONLY___ =
2018-09-05 02:20:36,168 INFO     ___FILE_ONLY___ =
2018-09-05 02:20:36,187 INFO     ___FILE_ONLY___ =
2018-09-05 02:20:36,201 INFO     ___FILE_ONLY___ =
2018-09-05 02:20:36,233 INFO     ___FILE_ONLY___ =
2018-09-05 02:20:36,251 INFO     ___FILE_ONLY___ =
2018-09-05 02:20:36,270 INFO     ___FILE_ONLY___ =
2018-09-05 02:20:36,361 INFO     ___FILE_ONLY___ =
2018-09-05 02:20:36,368 INFO     ___FILE_ONLY___ =
2018-09-05 02:20:36,373 INFO     ___FILE_ONLY___ =
2018-09-05 02:20:36,377 INFO     ___FILE_ONLY___ =
2018-09-05 02:20:37,077 INFO     ___FILE_ONLY___ =
2018-09-05 02:20:37,132 INFO     ___FILE_ONLY___ =
2018-09-05 02:20:37,188 INFO     ___FILE_ONLY___ =
2018-09-05 02:20:37,222 INFO     ___FILE_ONLY___ =
2018-09-05 02:20:37,255 INFO     ___FILE_ONLY___ =
2018-09-05 02:20:37,289 INFO     ___FILE_ONLY___ =
2018-09-05 02:20:37,316 INFO     ___FILE_ONLY___ =
2018-09-05 02:20:37,350 INFO     ___FILE_ONLY___ =
2018-09-05 02:20:37,388 INFO     ___FILE_ONLY___ =
2018-09-05 02:20:37,417 INFO     ___FILE_ONLY___ =
2018-09-05 02:20:37,446 INFO     ___FILE_ONLY___ =
2018-09-05 02:20:37,494 INFO     ___FILE_ONLY___ =
2018-09-05 02:20:37,528 INFO     ___FILE_ONLY___ =
2018-09-05 02:20:37,559 INFO     ___FILE_ONLY___ =
2018-09-05 02:20:37,585 INFO     ___FILE_ONLY___ =
2018-09-05 02:20:37,610 INFO     ___FILE_ONLY___ =
2018-09-05 02:20:37,636 INFO     ___FILE_ONLY___ =
2018-09-05 02:20:37,666 INFO     ___FILE_ONLY___ =
2018-09-05 02:20:37,697 INFO     ___FILE_ONLY___ =
2018-09-05 02:20:37,723 INFO     ___FILE_ONLY___ =
2018-09-05 02:20:37,753 INFO     ___FILE_ONLY___ =
2018-09-05 02:20:37,791 INFO     ___FILE_ONLY___ =
2018-09-05 02:20:37,823 INFO     ___FILE_ONLY___ =
2018-09-05 02:20:37,862 INFO     ___FILE_ONLY___ =
2018-09-05 02:20:37,896 INFO     ___FILE_ONLY___ =
2018-09-05 02:20:37,937 INFO     ___FILE_ONLY___ =
2018-09-05 02:20:37,979 INFO     ___FILE_ONLY___ =
2018-09-05 02:20:38,020 INFO     ___FILE_ONLY___ =
2018-09-05 02:20:38,051 INFO     ___FILE_ONLY___ =
2018-09-05 02:20:38,080 INFO     ___FILE_ONLY___ =
2018-09-05 02:20:38,081 INFO     ___FILE_ONLY___ #

2018-09-05 02:20:38,204 INFO     ___FILE_ONLY___ #= Installing: Cloud Storage Command Line Tool (Platform... =#

2018-09-05 02:20:38,205 INFO     ___FILE_ONLY___ #
2018-09-05 02:20:38,609 INFO     ___FILE_ONLY___ ==============================
2018-09-05 02:20:38,614 INFO     ___FILE_ONLY___ ===============
2018-09-05 02:20:38,616 INFO     ___FILE_ONLY___ ===============
2018-09-05 02:20:38,616 INFO     ___FILE_ONLY___ #

2018-09-05 02:20:38,625 INFO     ___FILE_ONLY___ #= Installing: gcloud cli dependencies                      =#

2018-09-05 02:20:38,626 INFO     ___FILE_ONLY___ #
2018-09-05 02:20:40,349 INFO     ___FILE_ONLY___ =
2018-09-05 02:20:40,403 INFO     ___FILE_ONLY___ =
2018-09-05 02:20:40,446 INFO     ___FILE_ONLY___ =
2018-09-05 02:20:40,466 INFO     ___FILE_ONLY___ =
2018-09-05 02:20:40,490 INFO     ___FILE_ONLY___ =
2018-09-05 02:20:40,503 INFO     ___FILE_ONLY___ =
2018-09-05 02:20:40,527 INFO     ___FILE_ONLY___ =
2018-09-05 02:20:40,534 INFO     ___FILE_ONLY___ =
2018-09-05 02:20:40,544 INFO     ___FILE_ONLY___ =
2018-09-05 02:20:40,555 INFO     ___FILE_ONLY___ =
2018-09-05 02:20:40,563 INFO     ___FILE_ONLY___ =
2018-09-05 02:20:40,568 INFO     ___FILE_ONLY___ =
2018-09-05 02:20:40,581 INFO     ___FILE_ONLY___ =
2018-09-05 02:20:40,592 INFO     ___FILE_ONLY___ =
2018-09-05 02:20:40,598 INFO     ___FILE_ONLY___ =
2018-09-05 02:20:40,601 INFO     ___FILE_ONLY___ =
2018-09-05 02:20:40,613 INFO     ___FILE_ONLY___ =
2018-09-05 02:20:40,626 INFO     ___FILE_ONLY___ =
2018-09-05 02:20:40,631 INFO     ___FILE_ONLY___ =
2018-09-05 02:20:40,633 INFO     ___FILE_ONLY___ =
2018-09-05 02:20:40,646 INFO     ___FILE_ONLY___ =
2018-09-05 02:20:40,652 INFO     ___FILE_ONLY___ =
2018-09-05 02:20:40,656 INFO     ___FILE_ONLY___ =
2018-09-05 02:20:40,663 INFO     ___FILE_ONLY___ =
2018-09-05 02:20:40,665 INFO     ___FILE_ONLY___ =
2018-09-05 02:20:40,672 INFO     ___FILE_ONLY___ =
2018-09-05 02:20:40,676 INFO     ___FILE_ONLY___ =
2018-09-05 02:20:40,688 INFO     ___FILE_ONLY___ =
2018-09-05 02:20:40,692 INFO     ___FILE_ONLY___ =
2018-09-05 02:20:40,698 INFO     ___FILE_ONLY___ =
2018-09-05 02:20:40,952 INFO     ___FILE_ONLY___ =
2018-09-05 02:20:40,963 INFO     ___FILE_ONLY___ =
2018-09-05 02:20:40,978 INFO     ___FILE_ONLY___ =
2018-09-05 02:20:40,989 INFO     ___FILE_ONLY___ =
2018-09-05 02:20:41,007 INFO     ___FILE_ONLY___ =
2018-09-05 02:20:41,018 INFO     ___FILE_ONLY___ =
2018-09-05 02:20:41,029 INFO     ___FILE_ONLY___ =
2018-09-05 02:20:41,039 INFO     ___FILE_ONLY___ =
2018-09-05 02:20:41,048 INFO     ___FILE_ONLY___ =
2018-09-05 02:20:41,058 INFO     ___FILE_ONLY___ =
2018-09-05 02:20:41,069 INFO     ___FILE_ONLY___ =
2018-09-05 02:20:41,083 INFO     ___FILE_ONLY___ =
2018-09-05 02:20:41,091 INFO     ___FILE_ONLY___ =
2018-09-05 02:20:41,100 INFO     ___FILE_ONLY___ =
2018-09-05 02:20:41,110 INFO     ___FILE_ONLY___ =
2018-09-05 02:20:41,123 INFO     ___FILE_ONLY___ =
2018-09-05 02:20:41,134 INFO     ___FILE_ONLY___ =
2018-09-05 02:20:41,144 INFO     ___FILE_ONLY___ =
2018-09-05 02:20:41,157 INFO     ___FILE_ONLY___ =
2018-09-05 02:20:41,171 INFO     ___FILE_ONLY___ =
2018-09-05 02:20:41,185 INFO     ___FILE_ONLY___ =
2018-09-05 02:20:41,197 INFO     ___FILE_ONLY___ =
2018-09-05 02:20:41,209 INFO     ___FILE_ONLY___ =
2018-09-05 02:20:41,221 INFO     ___FILE_ONLY___ =
2018-09-05 02:20:41,239 INFO     ___FILE_ONLY___ =
2018-09-05 02:20:41,252 INFO     ___FILE_ONLY___ =
2018-09-05 02:20:41,269 INFO     ___FILE_ONLY___ =
2018-09-05 02:20:41,282 INFO     ___FILE_ONLY___ =
2018-09-05 02:20:41,294 INFO     ___FILE_ONLY___ =
2018-09-05 02:20:41,305 INFO     ___FILE_ONLY___ =
2018-09-05 02:20:41,306 INFO     ___FILE_ONLY___ #

2018-09-05 02:20:41,342 INFO     ___FILE_ONLY___ #= Installing: gcloud cli dependencies                      =#

2018-09-05 02:20:41,343 INFO     ___FILE_ONLY___ #
2018-09-05 02:20:41,981 INFO     ___FILE_ONLY___ =
2018-09-05 02:20:42,042 INFO     ___FILE_ONLY___ =
2018-09-05 02:20:42,079 INFO     ___FILE_ONLY___ =
2018-09-05 02:20:42,113 INFO     ___FILE_ONLY___ =
2018-09-05 02:20:42,143 INFO     ___FILE_ONLY___ =
2018-09-05 02:20:42,175 INFO     ___FILE_ONLY___ =
2018-09-05 02:20:42,199 INFO     ___FILE_ONLY___ =
2018-09-05 02:20:42,216 INFO     ___FILE_ONLY___ =
2018-09-05 02:20:42,240 INFO     ___FILE_ONLY___ =
2018-09-05 02:20:42,265 INFO     ___FILE_ONLY___ =
2018-09-05 02:20:42,276 INFO     ___FILE_ONLY___ =
2018-09-05 02:20:42,307 INFO     ___FILE_ONLY___ =
2018-09-05 02:20:42,472 INFO     ___FILE_ONLY___ =
2018-09-05 02:20:42,475 INFO     ___FILE_ONLY___ =
2018-09-05 02:20:42,479 INFO     ___FILE_ONLY___ =
2018-09-05 02:20:42,482 INFO     ___FILE_ONLY___ =
2018-09-05 02:20:42,485 INFO     ___FILE_ONLY___ =
2018-09-05 02:20:42,488 INFO     ___FILE_ONLY___ =
2018-09-05 02:20:42,491 INFO     ___FILE_ONLY___ =
2018-09-05 02:20:42,494 INFO     ___FILE_ONLY___ =
2018-09-05 02:20:42,496 INFO     ___FILE_ONLY___ =
2018-09-05 02:20:42,553 INFO     ___FILE_ONLY___ =
2018-09-05 02:20:42,576 INFO     ___FILE_ONLY___ =
2018-09-05 02:20:42,593 INFO     ___FILE_ONLY___ =
2018-09-05 02:20:42,610 INFO     ___FILE_ONLY___ =
2018-09-05 02:20:42,695 INFO     ___FILE_ONLY___ =
2018-09-05 02:20:42,708 INFO     ___FILE_ONLY___ =
2018-09-05 02:20:42,716 INFO     ___FILE_ONLY___ =
2018-09-05 02:20:42,728 INFO     ___FILE_ONLY___ =
2018-09-05 02:20:42,742 INFO     ___FILE_ONLY___ =
2018-09-05 02:20:43,112 INFO     ___FILE_ONLY___ =
2018-09-05 02:20:43,113 INFO     ___FILE_ONLY___ =
2018-09-05 02:20:43,115 INFO     ___FILE_ONLY___ =
2018-09-05 02:20:43,116 INFO     ___FILE_ONLY___ =
2018-09-05 02:20:43,119 INFO     ___FILE_ONLY___ =
2018-09-05 02:20:43,121 INFO     ___FILE_ONLY___ =
2018-09-05 02:20:43,122 INFO     ___FILE_ONLY___ =
2018-09-05 02:20:43,124 INFO     ___FILE_ONLY___ =
2018-09-05 02:20:43,125 INFO     ___FILE_ONLY___ =
2018-09-05 02:20:43,126 INFO     ___FILE_ONLY___ =
2018-09-05 02:20:43,128 INFO     ___FILE_ONLY___ =
2018-09-05 02:20:43,129 INFO     ___FILE_ONLY___ =
2018-09-05 02:20:43,130 INFO     ___FILE_ONLY___ =
2018-09-05 02:20:43,131 INFO     ___FILE_ONLY___ =
2018-09-05 02:20:43,132 INFO     ___FILE_ONLY___ =
2018-09-05 02:20:43,133 INFO     ___FILE_ONLY___ =
2018-09-05 02:20:43,135 INFO     ___FILE_ONLY___ =
2018-09-05 02:20:43,137 INFO     ___FILE_ONLY___ =
2018-09-05 02:20:43,139 INFO     ___FILE_ONLY___ =
2018-09-05 02:20:43,140 INFO     ___FILE_ONLY___ =
2018-09-05 02:20:43,142 INFO     ___FILE_ONLY___ =
2018-09-05 02:20:43,143 INFO     ___FILE_ONLY___ =
2018-09-05 02:20:43,437 INFO     ___FILE_ONLY___ =
2018-09-05 02:20:43,438 INFO     ___FILE_ONLY___ =
2018-09-05 02:20:43,440 INFO     ___FILE_ONLY___ =
2018-09-05 02:20:43,450 INFO     ___FILE_ONLY___ =
2018-09-05 02:20:43,452 INFO     ___FILE_ONLY___ =
2018-09-05 02:20:43,454 INFO     ___FILE_ONLY___ =
2018-09-05 02:20:43,458 INFO     ___FILE_ONLY___ =
2018-09-05 02:20:43,459 INFO     ___FILE_ONLY___ =
2018-09-05 02:20:43,460 INFO     ___FILE_ONLY___ #

2018-09-05 02:20:43,472 INFO     ___FILE_ONLY___ #= Creating backup and activating new installation          =#

2018-09-05 02:20:43,473 INFO     ___FILE_ONLY___ #
2018-09-05 02:20:43,474 DEBUG    root            Attempting to move directory [/home/dcuy/google-cloud-sdk] to [/home/dcuy/google-cloud-sdk.staging/.install/.backup]
2018-09-05 02:20:43,474 INFO     ___FILE_ONLY___ ==============================
2018-09-05 02:20:43,475 DEBUG    root            Attempting to move directory [/home/dcuy/google-cloud-sdk.staging] to [/home/dcuy/google-cloud-sdk]
2018-09-05 02:20:43,475 INFO     ___FILE_ONLY___ ==============================
2018-09-05 02:20:43,475 INFO     ___FILE_ONLY___ #

2018-09-05 02:20:43,485 DEBUG    root            Updating notification cache...
2018-09-05 02:20:43,487 INFO     ___FILE_ONLY___ 

2018-09-05 02:20:43,488 INFO     ___FILE_ONLY___ Performing post processing steps...
2018-09-05 02:20:43,489 DEBUG    root            Executing command: ['/usr/bin/python2', u'-S', u'/home/dcuy/google-cloud-sdk/lib/gcloud.py', u'components', u'post-process']
2018-09-05 02:21:04,249 DEBUG    ___FILE_ONLY___ 
2018-09-05 02:21:04,250 DEBUG    ___FILE_ONLY___ 
2018-09-05 02:21:04,302 INFO     ___FILE_ONLY___ 
Update done!


2018-09-05 02:21:04,303 INFO     ___FILE_ONLY___ To revert your SDK to the previously installed version, you may run:
  $ gcloud components update --version 214.0.0


2018-09-05 02:21:04,318 INFO     root            Display format: "none"
2018-09-05 02:21:04,345 DEBUG    root            Metrics reporting process started...
